

Started GET "/" for ::1 at 2016-05-01 09:58:50 +0530
Processing by Rails::WelcomeController#index as HTML
  Rendered /Users/yatheesha/.rbenv/versions/2.3.0/lib/ruby/gems/2.3.0/gems/railties-4.2.6/lib/rails/templates/rails/welcome/index.html.erb (3.1ms)
Completed 200 OK in 27ms (Views: 18.6ms | ActiveRecord: 0.0ms)
  [1m[36m (305.4ms)[0m  [1mCREATE TABLE "schema_migrations" ("version" varchar NOT NULL) [0m
  [1m[35m (1.3ms)[0m  select sqlite_version(*)
  [1m[36m (1.3ms)[0m  [1mCREATE UNIQUE INDEX "unique_schema_migrations" ON "schema_migrations" ("version")[0m
  [1m[35mActiveRecord::SchemaMigration Load (0.1ms)[0m  SELECT "schema_migrations".* FROM "schema_migrations"
Migrating to CreatePosts (20160501042941)
  [1m[36m (0.1ms)[0m  [1mbegin transaction[0m
  [1m[35m (0.6ms)[0m  CREATE TABLE "posts" ("id" INTEGER PRIMARY KEY AUTOINCREMENT NOT NULL, "title" varchar, "content" text, "created_at" datetime NOT NULL, "updated_at" datetime NOT NULL) 
  [1m[36mSQL (0.3ms)[0m  [1mINSERT INTO "schema_migrations" ("version") VALUES (?)[0m  [["version", "20160501042941"]]
  [1m[35m (1.2ms)[0m  commit transaction
  [1m[36mActiveRecord::SchemaMigration Load (0.1ms)[0m  [1mSELECT "schema_migrations".* FROM "schema_migrations"[0m


Started GET "/posts" for ::1 at 2016-05-01 10:01:29 +0530
  [1m[36mActiveRecord::SchemaMigration Load (0.1ms)[0m  [1mSELECT "schema_migrations".* FROM "schema_migrations"[0m

AbstractController::ActionNotFound (The action 'index' could not be found for PostsController):
  actionpack (4.2.6) lib/abstract_controller/base.rb:132:in `process'
  actionview (4.2.6) lib/action_view/rendering.rb:30:in `process'
  actionpack (4.2.6) lib/action_controller/metal.rb:196:in `dispatch'
  actionpack (4.2.6) lib/action_controller/metal/rack_delegation.rb:13:in `dispatch'
  actionpack (4.2.6) lib/action_controller/metal.rb:237:in `block in action'
  actionpack (4.2.6) lib/action_dispatch/routing/route_set.rb:74:in `dispatch'
  actionpack (4.2.6) lib/action_dispatch/routing/route_set.rb:43:in `serve'
  actionpack (4.2.6) lib/action_dispatch/journey/router.rb:43:in `block in serve'
  actionpack (4.2.6) lib/action_dispatch/journey/router.rb:30:in `each'
  actionpack (4.2.6) lib/action_dispatch/journey/router.rb:30:in `serve'
  actionpack (4.2.6) lib/action_dispatch/routing/route_set.rb:817:in `call'
  rack (1.6.4) lib/rack/etag.rb:24:in `call'
  rack (1.6.4) lib/rack/conditionalget.rb:25:in `call'
  rack (1.6.4) lib/rack/head.rb:13:in `call'
  actionpack (4.2.6) lib/action_dispatch/middleware/params_parser.rb:27:in `call'
  actionpack (4.2.6) lib/action_dispatch/middleware/flash.rb:260:in `call'
  rack (1.6.4) lib/rack/session/abstract/id.rb:225:in `context'
  rack (1.6.4) lib/rack/session/abstract/id.rb:220:in `call'
  actionpack (4.2.6) lib/action_dispatch/middleware/cookies.rb:560:in `call'
  activerecord (4.2.6) lib/active_record/query_cache.rb:36:in `call'
  activerecord (4.2.6) lib/active_record/connection_adapters/abstract/connection_pool.rb:653:in `call'
  activerecord (4.2.6) lib/active_record/migration.rb:377:in `call'
  actionpack (4.2.6) lib/action_dispatch/middleware/callbacks.rb:29:in `block in call'
  activesupport (4.2.6) lib/active_support/callbacks.rb:88:in `__run_callbacks__'
  activesupport (4.2.6) lib/active_support/callbacks.rb:778:in `_run_call_callbacks'
  activesupport (4.2.6) lib/active_support/callbacks.rb:81:in `run_callbacks'
  actionpack (4.2.6) lib/action_dispatch/middleware/callbacks.rb:27:in `call'
  actionpack (4.2.6) lib/action_dispatch/middleware/reloader.rb:73:in `call'
  actionpack (4.2.6) lib/action_dispatch/middleware/remote_ip.rb:78:in `call'
  actionpack (4.2.6) lib/action_dispatch/middleware/debug_exceptions.rb:17:in `call'
  web-console (2.3.0) lib/web_console/middleware.rb:28:in `block in call'
  web-console (2.3.0) lib/web_console/middleware.rb:18:in `catch'
  web-console (2.3.0) lib/web_console/middleware.rb:18:in `call'
  actionpack (4.2.6) lib/action_dispatch/middleware/show_exceptions.rb:30:in `call'
  railties (4.2.6) lib/rails/rack/logger.rb:38:in `call_app'
  railties (4.2.6) lib/rails/rack/logger.rb:20:in `block in call'
  activesupport (4.2.6) lib/active_support/tagged_logging.rb:68:in `block in tagged'
  activesupport (4.2.6) lib/active_support/tagged_logging.rb:26:in `tagged'
  activesupport (4.2.6) lib/active_support/tagged_logging.rb:68:in `tagged'
  railties (4.2.6) lib/rails/rack/logger.rb:20:in `call'
  actionpack (4.2.6) lib/action_dispatch/middleware/request_id.rb:21:in `call'
  rack (1.6.4) lib/rack/methodoverride.rb:22:in `call'
  rack (1.6.4) lib/rack/runtime.rb:18:in `call'
  activesupport (4.2.6) lib/active_support/cache/strategy/local_cache_middleware.rb:28:in `call'
  rack (1.6.4) lib/rack/lock.rb:17:in `call'
  actionpack (4.2.6) lib/action_dispatch/middleware/static.rb:120:in `call'
  rack (1.6.4) lib/rack/sendfile.rb:113:in `call'
  railties (4.2.6) lib/rails/engine.rb:518:in `call'
  railties (4.2.6) lib/rails/application.rb:165:in `call'
  rack (1.6.4) lib/rack/lock.rb:17:in `call'
  rack (1.6.4) lib/rack/content_length.rb:15:in `call'
  rack (1.6.4) lib/rack/handler/webrick.rb:88:in `service'
  /Users/yatheesha/.rbenv/versions/2.3.0/lib/ruby/2.3.0/webrick/httpserver.rb:140:in `service'
  /Users/yatheesha/.rbenv/versions/2.3.0/lib/ruby/2.3.0/webrick/httpserver.rb:96:in `run'
  /Users/yatheesha/.rbenv/versions/2.3.0/lib/ruby/2.3.0/webrick/server.rb:296:in `block in start_thread'


  Rendered /Users/yatheesha/.rbenv/versions/2.3.0/lib/ruby/gems/2.3.0/gems/actionpack-4.2.6/lib/action_dispatch/middleware/templates/rescues/unknown_action.html.erb within rescues/layout (0.6ms)
  Rendered /Users/yatheesha/.rbenv/versions/2.3.0/lib/ruby/gems/2.3.0/gems/web-console-2.3.0/lib/web_console/templates/_markup.html.erb (0.4ms)
  Rendered /Users/yatheesha/.rbenv/versions/2.3.0/lib/ruby/gems/2.3.0/gems/web-console-2.3.0/lib/web_console/templates/_inner_console_markup.html.erb within layouts/inlined_string (0.3ms)
  Rendered /Users/yatheesha/.rbenv/versions/2.3.0/lib/ruby/gems/2.3.0/gems/web-console-2.3.0/lib/web_console/templates/_prompt_box_markup.html.erb within layouts/inlined_string (0.8ms)
  Rendered /Users/yatheesha/.rbenv/versions/2.3.0/lib/ruby/gems/2.3.0/gems/web-console-2.3.0/lib/web_console/templates/style.css.erb within layouts/inlined_string (0.3ms)
  Rendered /Users/yatheesha/.rbenv/versions/2.3.0/lib/ruby/gems/2.3.0/gems/web-console-2.3.0/lib/web_console/templates/console.js.erb within layouts/javascript (80.5ms)
  Rendered /Users/yatheesha/.rbenv/versions/2.3.0/lib/ruby/gems/2.3.0/gems/web-console-2.3.0/lib/web_console/templates/main.js.erb within layouts/javascript (0.3ms)
  Rendered /Users/yatheesha/.rbenv/versions/2.3.0/lib/ruby/gems/2.3.0/gems/web-console-2.3.0/lib/web_console/templates/error_page.js.erb within layouts/javascript (0.6ms)
  Rendered /Users/yatheesha/.rbenv/versions/2.3.0/lib/ruby/gems/2.3.0/gems/web-console-2.3.0/lib/web_console/templates/index.html.erb (160.5ms)


Started GET "/posts" for ::1 at 2016-05-01 10:05:28 +0530
Processing by PostsController#index as HTML
  Rendered posts/index.html.erb within layouts/application (0.3ms)
Completed 200 OK in 1294ms (Views: 1293.8ms | ActiveRecord: 0.0ms)


Started GET "/assets/jquery.self-660adc51e0224b731d29f575a6f1ec167ba08ad06ed5deca4f1e8654c135bf4c.js?body=1" for ::1 at 2016-05-01 10:05:30 +0530


Started GET "/assets/application.self-e80e8f2318043e8af94dddc2adad5a4f09739a8ebb323b3ab31cd71d45fd9113.css?body=1" for ::1 at 2016-05-01 10:05:30 +0530


Started GET "/assets/posts.self-877aef30ae1b040ab8a3aba4e3e309a11d7f2612f44dde450b5c157aa5f95c05.js?body=1" for ::1 at 2016-05-01 10:05:30 +0530


Started GET "/assets/jquery_ujs.self-e87806d0cf4489aeb1bb7288016024e8de67fd18db693fe026fe3907581e53cd.js?body=1" for ::1 at 2016-05-01 10:05:30 +0530


Started GET "/assets/posts.self-e3b0c44298fc1c149afbf4c8996fb92427ae41e4649b934ca495991b7852b855.css?body=1" for ::1 at 2016-05-01 10:05:30 +0530


Started GET "/assets/turbolinks.self-c37727e9bd6b2735da5c311aa83fead54ed0be6cc8bd9a65309e9c5abe2cbfff.js?body=1" for ::1 at 2016-05-01 10:05:30 +0530


Started GET "/assets/application.self-3b8dabdc891efe46b9a144b400ad69e37d7e5876bdc39dee783419a69d7ca819.js?body=1" for ::1 at 2016-05-01 10:05:30 +0530


Started GET "/posts/new" for ::1 at 2016-05-01 10:12:05 +0530
Processing by PostsController#new as HTML
Completed 500 Internal Server Error in 38ms (ActiveRecord: 0.9ms)

ActionView::MissingTemplate (Missing template posts/new, application/new with {:locale=>[:en], :formats=>[:html], :variants=>[], :handlers=>[:erb, :builder, :raw, :ruby, :coffee, :jbuilder]}. Searched in:
  * "/Volumes/Yatheesha/personal-blog/app/views"
):
  actionview (4.2.6) lib/action_view/path_set.rb:46:in `find'
  actionview (4.2.6) lib/action_view/lookup_context.rb:121:in `find'
  actionview (4.2.6) lib/action_view/renderer/abstract_renderer.rb:18:in `find_template'
  actionview (4.2.6) lib/action_view/renderer/template_renderer.rb:40:in `determine_template'
  actionview (4.2.6) lib/action_view/renderer/template_renderer.rb:8:in `render'
  actionview (4.2.6) lib/action_view/renderer/renderer.rb:46:in `render_template'
  actionview (4.2.6) lib/action_view/renderer/renderer.rb:27:in `render'
  actionview (4.2.6) lib/action_view/rendering.rb:100:in `_render_template'
  actionpack (4.2.6) lib/action_controller/metal/streaming.rb:217:in `_render_template'
  actionview (4.2.6) lib/action_view/rendering.rb:83:in `render_to_body'
  actionpack (4.2.6) lib/action_controller/metal/rendering.rb:32:in `render_to_body'
  actionpack (4.2.6) lib/action_controller/metal/renderers.rb:37:in `render_to_body'
  actionpack (4.2.6) lib/abstract_controller/rendering.rb:25:in `render'
  actionpack (4.2.6) lib/action_controller/metal/rendering.rb:16:in `render'
  actionpack (4.2.6) lib/action_controller/metal/instrumentation.rb:44:in `block (2 levels) in render'
  activesupport (4.2.6) lib/active_support/core_ext/benchmark.rb:12:in `block in ms'
  /Users/yatheesha/.rbenv/versions/2.3.0/lib/ruby/2.3.0/benchmark.rb:308:in `realtime'
  activesupport (4.2.6) lib/active_support/core_ext/benchmark.rb:12:in `ms'
  actionpack (4.2.6) lib/action_controller/metal/instrumentation.rb:44:in `block in render'
  actionpack (4.2.6) lib/action_controller/metal/instrumentation.rb:87:in `cleanup_view_runtime'
  activerecord (4.2.6) lib/active_record/railties/controller_runtime.rb:25:in `cleanup_view_runtime'
  actionpack (4.2.6) lib/action_controller/metal/instrumentation.rb:43:in `render'
  actionpack (4.2.6) lib/action_controller/metal/implicit_render.rb:10:in `default_render'
  actionpack (4.2.6) lib/action_controller/metal/implicit_render.rb:5:in `send_action'
  actionpack (4.2.6) lib/abstract_controller/base.rb:198:in `process_action'
  actionpack (4.2.6) lib/action_controller/metal/rendering.rb:10:in `process_action'
  actionpack (4.2.6) lib/abstract_controller/callbacks.rb:20:in `block in process_action'
  activesupport (4.2.6) lib/active_support/callbacks.rb:117:in `call'
  activesupport (4.2.6) lib/active_support/callbacks.rb:555:in `block (2 levels) in compile'
  activesupport (4.2.6) lib/active_support/callbacks.rb:505:in `call'
  activesupport (4.2.6) lib/active_support/callbacks.rb:92:in `__run_callbacks__'
  activesupport (4.2.6) lib/active_support/callbacks.rb:778:in `_run_process_action_callbacks'
  activesupport (4.2.6) lib/active_support/callbacks.rb:81:in `run_callbacks'
  actionpack (4.2.6) lib/abstract_controller/callbacks.rb:19:in `process_action'
  actionpack (4.2.6) lib/action_controller/metal/rescue.rb:29:in `process_action'
  actionpack (4.2.6) lib/action_controller/metal/instrumentation.rb:32:in `block in process_action'
  activesupport (4.2.6) lib/active_support/notifications.rb:164:in `block in instrument'
  activesupport (4.2.6) lib/active_support/notifications/instrumenter.rb:20:in `instrument'
  activesupport (4.2.6) lib/active_support/notifications.rb:164:in `instrument'
  actionpack (4.2.6) lib/action_controller/metal/instrumentation.rb:30:in `process_action'
  actionpack (4.2.6) lib/action_controller/metal/params_wrapper.rb:250:in `process_action'
  activerecord (4.2.6) lib/active_record/railties/controller_runtime.rb:18:in `process_action'
  actionpack (4.2.6) lib/abstract_controller/base.rb:137:in `process'
  actionview (4.2.6) lib/action_view/rendering.rb:30:in `process'
  actionpack (4.2.6) lib/action_controller/metal.rb:196:in `dispatch'
  actionpack (4.2.6) lib/action_controller/metal/rack_delegation.rb:13:in `dispatch'
  actionpack (4.2.6) lib/action_controller/metal.rb:237:in `block in action'
  actionpack (4.2.6) lib/action_dispatch/routing/route_set.rb:74:in `dispatch'
  actionpack (4.2.6) lib/action_dispatch/routing/route_set.rb:43:in `serve'
  actionpack (4.2.6) lib/action_dispatch/journey/router.rb:43:in `block in serve'
  actionpack (4.2.6) lib/action_dispatch/journey/router.rb:30:in `each'
  actionpack (4.2.6) lib/action_dispatch/journey/router.rb:30:in `serve'
  actionpack (4.2.6) lib/action_dispatch/routing/route_set.rb:817:in `call'
  rack (1.6.4) lib/rack/etag.rb:24:in `call'
  rack (1.6.4) lib/rack/conditionalget.rb:25:in `call'
  rack (1.6.4) lib/rack/head.rb:13:in `call'
  actionpack (4.2.6) lib/action_dispatch/middleware/params_parser.rb:27:in `call'
  actionpack (4.2.6) lib/action_dispatch/middleware/flash.rb:260:in `call'
  rack (1.6.4) lib/rack/session/abstract/id.rb:225:in `context'
  rack (1.6.4) lib/rack/session/abstract/id.rb:220:in `call'
  actionpack (4.2.6) lib/action_dispatch/middleware/cookies.rb:560:in `call'
  activerecord (4.2.6) lib/active_record/query_cache.rb:36:in `call'
  activerecord (4.2.6) lib/active_record/connection_adapters/abstract/connection_pool.rb:653:in `call'
  activerecord (4.2.6) lib/active_record/migration.rb:377:in `call'
  actionpack (4.2.6) lib/action_dispatch/middleware/callbacks.rb:29:in `block in call'
  activesupport (4.2.6) lib/active_support/callbacks.rb:88:in `__run_callbacks__'
  activesupport (4.2.6) lib/active_support/callbacks.rb:778:in `_run_call_callbacks'
  activesupport (4.2.6) lib/active_support/callbacks.rb:81:in `run_callbacks'
  actionpack (4.2.6) lib/action_dispatch/middleware/callbacks.rb:27:in `call'
  actionpack (4.2.6) lib/action_dispatch/middleware/reloader.rb:73:in `call'
  actionpack (4.2.6) lib/action_dispatch/middleware/remote_ip.rb:78:in `call'
  actionpack (4.2.6) lib/action_dispatch/middleware/debug_exceptions.rb:17:in `call'
  web-console (2.3.0) lib/web_console/middleware.rb:28:in `block in call'
  web-console (2.3.0) lib/web_console/middleware.rb:18:in `catch'
  web-console (2.3.0) lib/web_console/middleware.rb:18:in `call'
  actionpack (4.2.6) lib/action_dispatch/middleware/show_exceptions.rb:30:in `call'
  railties (4.2.6) lib/rails/rack/logger.rb:38:in `call_app'
  railties (4.2.6) lib/rails/rack/logger.rb:20:in `block in call'
  activesupport (4.2.6) lib/active_support/tagged_logging.rb:68:in `block in tagged'
  activesupport (4.2.6) lib/active_support/tagged_logging.rb:26:in `tagged'
  activesupport (4.2.6) lib/active_support/tagged_logging.rb:68:in `tagged'
  railties (4.2.6) lib/rails/rack/logger.rb:20:in `call'
  actionpack (4.2.6) lib/action_dispatch/middleware/request_id.rb:21:in `call'
  rack (1.6.4) lib/rack/methodoverride.rb:22:in `call'
  rack (1.6.4) lib/rack/runtime.rb:18:in `call'
  activesupport (4.2.6) lib/active_support/cache/strategy/local_cache_middleware.rb:28:in `call'
  rack (1.6.4) lib/rack/lock.rb:17:in `call'
  actionpack (4.2.6) lib/action_dispatch/middleware/static.rb:120:in `call'
  rack (1.6.4) lib/rack/sendfile.rb:113:in `call'
  railties (4.2.6) lib/rails/engine.rb:518:in `call'
  railties (4.2.6) lib/rails/application.rb:165:in `call'
  rack (1.6.4) lib/rack/lock.rb:17:in `call'
  rack (1.6.4) lib/rack/content_length.rb:15:in `call'
  rack (1.6.4) lib/rack/handler/webrick.rb:88:in `service'
  /Users/yatheesha/.rbenv/versions/2.3.0/lib/ruby/2.3.0/webrick/httpserver.rb:140:in `service'
  /Users/yatheesha/.rbenv/versions/2.3.0/lib/ruby/2.3.0/webrick/httpserver.rb:96:in `run'
  /Users/yatheesha/.rbenv/versions/2.3.0/lib/ruby/2.3.0/webrick/server.rb:296:in `block in start_thread'


  Rendered /Users/yatheesha/.rbenv/versions/2.3.0/lib/ruby/gems/2.3.0/gems/actionpack-4.2.6/lib/action_dispatch/middleware/templates/rescues/_source.erb (5.3ms)
  Rendered /Users/yatheesha/.rbenv/versions/2.3.0/lib/ruby/gems/2.3.0/gems/actionpack-4.2.6/lib/action_dispatch/middleware/templates/rescues/_trace.html.erb (2.0ms)
  Rendered /Users/yatheesha/.rbenv/versions/2.3.0/lib/ruby/gems/2.3.0/gems/actionpack-4.2.6/lib/action_dispatch/middleware/templates/rescues/_request_and_response.html.erb (1.2ms)
  Rendered /Users/yatheesha/.rbenv/versions/2.3.0/lib/ruby/gems/2.3.0/gems/actionpack-4.2.6/lib/action_dispatch/middleware/templates/rescues/missing_template.html.erb within rescues/layout (73.0ms)
  Rendered /Users/yatheesha/.rbenv/versions/2.3.0/lib/ruby/gems/2.3.0/gems/web-console-2.3.0/lib/web_console/templates/_markup.html.erb (0.4ms)
  Rendered /Users/yatheesha/.rbenv/versions/2.3.0/lib/ruby/gems/2.3.0/gems/web-console-2.3.0/lib/web_console/templates/_inner_console_markup.html.erb within layouts/inlined_string (0.5ms)
  Rendered /Users/yatheesha/.rbenv/versions/2.3.0/lib/ruby/gems/2.3.0/gems/web-console-2.3.0/lib/web_console/templates/_prompt_box_markup.html.erb within layouts/inlined_string (0.3ms)
  Rendered /Users/yatheesha/.rbenv/versions/2.3.0/lib/ruby/gems/2.3.0/gems/web-console-2.3.0/lib/web_console/templates/style.css.erb within layouts/inlined_string (0.4ms)
  Rendered /Users/yatheesha/.rbenv/versions/2.3.0/lib/ruby/gems/2.3.0/gems/web-console-2.3.0/lib/web_console/templates/console.js.erb within layouts/javascript (57.1ms)
  Rendered /Users/yatheesha/.rbenv/versions/2.3.0/lib/ruby/gems/2.3.0/gems/web-console-2.3.0/lib/web_console/templates/main.js.erb within layouts/javascript (0.3ms)
  Rendered /Users/yatheesha/.rbenv/versions/2.3.0/lib/ruby/gems/2.3.0/gems/web-console-2.3.0/lib/web_console/templates/error_page.js.erb within layouts/javascript (0.4ms)
  Rendered /Users/yatheesha/.rbenv/versions/2.3.0/lib/ruby/gems/2.3.0/gems/web-console-2.3.0/lib/web_console/templates/index.html.erb (132.4ms)


Started GET "/posts/new" for ::1 at 2016-05-01 10:31:02 +0530
Processing by PostsController#new as HTML
  Rendered posts/_form.html.erb (1.9ms)
  Rendered posts/new.html.erb within layouts/application (4.3ms)
Completed 500 Internal Server Error in 22ms (ActiveRecord: 0.0ms)

SyntaxError (/Volumes/Yatheesha/personal-blog/app/views/posts/_form.html.erb:3: syntax error, unexpected tIDENTIFIER, expecting ')'
...rrors.count, "error") prevented this post from saving:( );@o...
...                               ^
/Volumes/Yatheesha/personal-blog/app/views/posts/_form.html.erb:3: syntax error, unexpected ':', expecting ')'
...revented this post from saving:( );@output_buffer.safe_appen...
...                               ^
/Volumes/Yatheesha/personal-blog/app/views/posts/_form.html.erb:9: syntax error, unexpected keyword_end, expecting ')'
'.freeze;	 end 
         	    ^
/Volumes/Yatheesha/personal-blog/app/views/posts/_form.html.erb:17: syntax error, unexpected tSTRING_BEG, expecting ')'
...fer.append=( f.label :content "Write your article here" );@o...
...                               ^
/Volumes/Yatheesha/personal-blog/app/views/posts/_form.html.erb:25: syntax error, unexpected keyword_end, expecting ')'
'.freeze; end ;@output_buffer.to_s
             ^
/Volumes/Yatheesha/personal-blog/app/views/posts/_form.html.erb:26: syntax error, unexpected keyword_ensure, expecting ')'
/Volumes/Yatheesha/personal-blog/app/views/posts/_form.html.erb:28: syntax error, unexpected keyword_end, expecting ')'):
  app/views/posts/_form.html.erb:3: syntax error, unexpected tIDENTIFIER, expecting ')'
  app/views/posts/_form.html.erb:3: syntax error, unexpected ':', expecting ')'
  app/views/posts/_form.html.erb:9: syntax error, unexpected keyword_end, expecting ')'
  app/views/posts/_form.html.erb:17: syntax error, unexpected tSTRING_BEG, expecting ')'
  app/views/posts/_form.html.erb:25: syntax error, unexpected keyword_end, expecting ')'
  app/views/posts/_form.html.erb:26: syntax error, unexpected keyword_ensure, expecting ')'
  app/views/posts/_form.html.erb:28: syntax error, unexpected keyword_end, expecting ')'
  app/views/posts/new.html.erb:2:in `_app_views_posts_new_html_erb__2518637045182737497_70330730311280'


  Rendered /Users/yatheesha/.rbenv/versions/2.3.0/lib/ruby/gems/2.3.0/gems/actionpack-4.2.6/lib/action_dispatch/middleware/templates/rescues/_source.erb (9.3ms)
  Rendered /Users/yatheesha/.rbenv/versions/2.3.0/lib/ruby/gems/2.3.0/gems/actionpack-4.2.6/lib/action_dispatch/middleware/templates/rescues/_trace.html.erb (3.4ms)
  Rendered /Users/yatheesha/.rbenv/versions/2.3.0/lib/ruby/gems/2.3.0/gems/actionpack-4.2.6/lib/action_dispatch/middleware/templates/rescues/_request_and_response.html.erb (1.1ms)
  Rendered /Users/yatheesha/.rbenv/versions/2.3.0/lib/ruby/gems/2.3.0/gems/actionpack-4.2.6/lib/action_dispatch/middleware/templates/rescues/diagnostics.html.erb within rescues/layout (69.1ms)
  Rendered /Users/yatheesha/.rbenv/versions/2.3.0/lib/ruby/gems/2.3.0/gems/web-console-2.3.0/lib/web_console/templates/_markup.html.erb (0.6ms)
  Rendered /Users/yatheesha/.rbenv/versions/2.3.0/lib/ruby/gems/2.3.0/gems/web-console-2.3.0/lib/web_console/templates/_inner_console_markup.html.erb within layouts/inlined_string (0.3ms)
  Rendered /Users/yatheesha/.rbenv/versions/2.3.0/lib/ruby/gems/2.3.0/gems/web-console-2.3.0/lib/web_console/templates/_prompt_box_markup.html.erb within layouts/inlined_string (0.3ms)
  Rendered /Users/yatheesha/.rbenv/versions/2.3.0/lib/ruby/gems/2.3.0/gems/web-console-2.3.0/lib/web_console/templates/style.css.erb within layouts/inlined_string (0.3ms)
  Rendered /Users/yatheesha/.rbenv/versions/2.3.0/lib/ruby/gems/2.3.0/gems/web-console-2.3.0/lib/web_console/templates/console.js.erb within layouts/javascript (58.1ms)
  Rendered /Users/yatheesha/.rbenv/versions/2.3.0/lib/ruby/gems/2.3.0/gems/web-console-2.3.0/lib/web_console/templates/main.js.erb within layouts/javascript (0.3ms)
  Rendered /Users/yatheesha/.rbenv/versions/2.3.0/lib/ruby/gems/2.3.0/gems/web-console-2.3.0/lib/web_console/templates/error_page.js.erb within layouts/javascript (0.4ms)
  Rendered /Users/yatheesha/.rbenv/versions/2.3.0/lib/ruby/gems/2.3.0/gems/web-console-2.3.0/lib/web_console/templates/index.html.erb (128.8ms)


Started GET "/posts/new" for ::1 at 2016-05-01 10:31:32 +0530
Processing by PostsController#new as HTML
  Rendered posts/_form.html.erb (0.9ms)
  Rendered posts/new.html.erb within layouts/application (1.7ms)
Completed 500 Internal Server Error in 4ms (ActiveRecord: 0.0ms)

SyntaxError (/Volumes/Yatheesha/personal-blog/app/views/posts/_form.html.erb:17: syntax error, unexpected tSTRING_BEG, expecting ')'
...fer.append=( f.label :content "Write your article here" );@o...
...                               ^):
  app/views/posts/_form.html.erb:17: syntax error, unexpected tSTRING_BEG, expecting ')'
  app/views/posts/new.html.erb:2:in `_app_views_posts_new_html_erb__2518637045182737497_70330730311280'


  Rendered /Users/yatheesha/.rbenv/versions/2.3.0/lib/ruby/gems/2.3.0/gems/actionpack-4.2.6/lib/action_dispatch/middleware/templates/rescues/_source.erb (5.5ms)
  Rendered /Users/yatheesha/.rbenv/versions/2.3.0/lib/ruby/gems/2.3.0/gems/actionpack-4.2.6/lib/action_dispatch/middleware/templates/rescues/_trace.html.erb (2.5ms)
  Rendered /Users/yatheesha/.rbenv/versions/2.3.0/lib/ruby/gems/2.3.0/gems/actionpack-4.2.6/lib/action_dispatch/middleware/templates/rescues/_request_and_response.html.erb (0.7ms)
  Rendered /Users/yatheesha/.rbenv/versions/2.3.0/lib/ruby/gems/2.3.0/gems/actionpack-4.2.6/lib/action_dispatch/middleware/templates/rescues/diagnostics.html.erb within rescues/layout (59.0ms)
  Rendered /Users/yatheesha/.rbenv/versions/2.3.0/lib/ruby/gems/2.3.0/gems/web-console-2.3.0/lib/web_console/templates/_markup.html.erb (0.4ms)
  Rendered /Users/yatheesha/.rbenv/versions/2.3.0/lib/ruby/gems/2.3.0/gems/web-console-2.3.0/lib/web_console/templates/_inner_console_markup.html.erb within layouts/inlined_string (0.4ms)
  Rendered /Users/yatheesha/.rbenv/versions/2.3.0/lib/ruby/gems/2.3.0/gems/web-console-2.3.0/lib/web_console/templates/_prompt_box_markup.html.erb within layouts/inlined_string (0.3ms)
  Rendered /Users/yatheesha/.rbenv/versions/2.3.0/lib/ruby/gems/2.3.0/gems/web-console-2.3.0/lib/web_console/templates/style.css.erb within layouts/inlined_string (0.3ms)
  Rendered /Users/yatheesha/.rbenv/versions/2.3.0/lib/ruby/gems/2.3.0/gems/web-console-2.3.0/lib/web_console/templates/console.js.erb within layouts/javascript (51.2ms)
  Rendered /Users/yatheesha/.rbenv/versions/2.3.0/lib/ruby/gems/2.3.0/gems/web-console-2.3.0/lib/web_console/templates/main.js.erb within layouts/javascript (0.3ms)
  Rendered /Users/yatheesha/.rbenv/versions/2.3.0/lib/ruby/gems/2.3.0/gems/web-console-2.3.0/lib/web_console/templates/error_page.js.erb within layouts/javascript (0.4ms)
  Rendered /Users/yatheesha/.rbenv/versions/2.3.0/lib/ruby/gems/2.3.0/gems/web-console-2.3.0/lib/web_console/templates/index.html.erb (113.2ms)


Started GET "/posts/new" for ::1 at 2016-05-01 10:32:02 +0530
Processing by PostsController#new as HTML
  Rendered posts/_form.html.erb (22.7ms)
  Rendered posts/new.html.erb within layouts/application (23.6ms)
Completed 200 OK in 54ms (Views: 53.4ms | ActiveRecord: 0.0ms)


Started GET "/assets/posts.self-e3b0c44298fc1c149afbf4c8996fb92427ae41e4649b934ca495991b7852b855.css?body=1" for ::1 at 2016-05-01 10:32:03 +0530


Started GET "/assets/jquery.self-660adc51e0224b731d29f575a6f1ec167ba08ad06ed5deca4f1e8654c135bf4c.js?body=1" for ::1 at 2016-05-01 10:32:03 +0530


Started GET "/assets/jquery_ujs.self-e87806d0cf4489aeb1bb7288016024e8de67fd18db693fe026fe3907581e53cd.js?body=1" for ::1 at 2016-05-01 10:32:03 +0530


Started GET "/assets/posts.self-877aef30ae1b040ab8a3aba4e3e309a11d7f2612f44dde450b5c157aa5f95c05.js?body=1" for ::1 at 2016-05-01 10:32:03 +0530


Started GET "/assets/application.self-e80e8f2318043e8af94dddc2adad5a4f09739a8ebb323b3ab31cd71d45fd9113.css?body=1" for ::1 at 2016-05-01 10:32:03 +0530


Started GET "/assets/turbolinks.self-c37727e9bd6b2735da5c311aa83fead54ed0be6cc8bd9a65309e9c5abe2cbfff.js?body=1" for ::1 at 2016-05-01 10:32:03 +0530


Started GET "/assets/application.self-3b8dabdc891efe46b9a144b400ad69e37d7e5876bdc39dee783419a69d7ca819.js?body=1" for ::1 at 2016-05-01 10:32:03 +0530


Started POST "/posts" for ::1 at 2016-05-01 10:33:55 +0530
Processing by PostsController#create as HTML
  Parameters: {"utf8"=>"✓", "authenticity_token"=>"WDhd9XsGkDYrfiAb9Sou6XIfqkONVdFiagkn4aE4FnjEcRB8hn65fmGxT6MQ80sLyCB31hSmu41APVYD6wztCQ==", "post"=>{"title"=>"test post", "content"=>"Hella narwhal ethical four loko bushwick, messenger bag lumbersexual listicle. Kinfolk XOXO fixie semiotics, thundercats readymade sartorial. Intelligentsia viral ennui whatever art party skateboard. Stumptown 90's cred, man braid tousled cronut ugh you probably haven't heard of them small batch chia deep v helvetica pop-up cold-pressed wolf. Listicle yuccie hashtag lomo typewriter, keytar cliche forage mixtape. 90's vice tilde aesthetic chambray direct trade, selvage deep v. Chartreuse quinoa knausgaard kinfolk bicycle rights bushwick seitan.\r\n\r\nJean shorts pork belly cardigan pug roof party craft beer. Hammock put a bird on it brunch cold-pressed. Crucifix scenester blog, poutine godard chia swag shoreditch aesthetic kogi humblebrag stumptown artisan hella. Small batch jean shorts banjo, lomo vinyl crucifix mustache. Meh deep v umami, semiotics knausgaard four loko you probably haven't heard of them migas fashion axe cray. Selvage food truck pork belly freegan, gentrify meggings intelligentsia hashtag occupy pabst health goth disrupt bicycle rights fixie knausgaard. Wolf actually pinterest narwhal blue bottle hella cold-pressed cornhole, tote bag letterpress tofu gentrify bitters authentic.\r\n\r\nKinfolk chartreuse chicharrones, craft beer crucifix kombucha tote bag try-hard. Kogi sriracha PBR&B typewriter, williamsburg normcore blog vice fap. Cardigan try-hard fanny pack, cray green juice irony +1 poutine chicharrones tilde drinking vinegar organic asymmetrical etsy. Four loko waistcoat listicle, hoodie chicharrones selfies wayfarers tilde vice actually salvia portland austin. Beard viral retro chia art party occupy wayfarers selvage, humblebrag chillwave crucifix. XOXO iPhone pug semiotics thundercats, drinking vinegar yuccie. Bicycle rights vegan skateboard VHS, green juice everyday carry etsy photo booth tacos truffaut umami meggings chicharrones gastropub schlitz.\r\n\r\nLocavore direct trade venmo kogi, lomo occupy hella tattooed heirloom sustainable thundercats wolf. Cornhole crucifix gochujang hoodie four loko swag. Scenester art party paleo, chia man braid cliche mustache wolf plaid vegan biodiesel offal +1. Disrupt beard yr austin. Intelligentsia forage chicharrones kitsch, fap try-hard craft beer dreamcatcher beard lomo gastropub. Bitters street art tumblr, retro locavore poutine yr roof party squid. Tattooed marfa lo-fi, next level tumblr microdosing cornhole slow-carb twee skateboard gochujang 90's PBR&B swag."}, "commit"=>"Create Post"}
  [1m[35m (0.1ms)[0m  begin transaction
  [1m[36mSQL (329.3ms)[0m  [1mINSERT INTO "posts" ("title", "content", "created_at", "updated_at") VALUES (?, ?, ?, ?)[0m  [["title", "test post"], ["content", "Hella narwhal ethical four loko bushwick, messenger bag lumbersexual listicle. Kinfolk XOXO fixie semiotics, thundercats readymade sartorial. Intelligentsia viral ennui whatever art party skateboard. Stumptown 90's cred, man braid tousled cronut ugh you probably haven't heard of them small batch chia deep v helvetica pop-up cold-pressed wolf. Listicle yuccie hashtag lomo typewriter, keytar cliche forage mixtape. 90's vice tilde aesthetic chambray direct trade, selvage deep v. Chartreuse quinoa knausgaard kinfolk bicycle rights bushwick seitan.\r\n\r\nJean shorts pork belly cardigan pug roof party craft beer. Hammock put a bird on it brunch cold-pressed. Crucifix scenester blog, poutine godard chia swag shoreditch aesthetic kogi humblebrag stumptown artisan hella. Small batch jean shorts banjo, lomo vinyl crucifix mustache. Meh deep v umami, semiotics knausgaard four loko you probably haven't heard of them migas fashion axe cray. Selvage food truck pork belly freegan, gentrify meggings intelligentsia hashtag occupy pabst health goth disrupt bicycle rights fixie knausgaard. Wolf actually pinterest narwhal blue bottle hella cold-pressed cornhole, tote bag letterpress tofu gentrify bitters authentic.\r\n\r\nKinfolk chartreuse chicharrones, craft beer crucifix kombucha tote bag try-hard. Kogi sriracha PBR&B typewriter, williamsburg normcore blog vice fap. Cardigan try-hard fanny pack, cray green juice irony +1 poutine chicharrones tilde drinking vinegar organic asymmetrical etsy. Four loko waistcoat listicle, hoodie chicharrones selfies wayfarers tilde vice actually salvia portland austin. Beard viral retro chia art party occupy wayfarers selvage, humblebrag chillwave crucifix. XOXO iPhone pug semiotics thundercats, drinking vinegar yuccie. Bicycle rights vegan skateboard VHS, green juice everyday carry etsy photo booth tacos truffaut umami meggings chicharrones gastropub schlitz.\r\n\r\nLocavore direct trade venmo kogi, lomo occupy hella tattooed heirloom sustainable thundercats wolf. Cornhole crucifix gochujang hoodie four loko swag. Scenester art party paleo, chia man braid cliche mustache wolf plaid vegan biodiesel offal +1. Disrupt beard yr austin. Intelligentsia forage chicharrones kitsch, fap try-hard craft beer dreamcatcher beard lomo gastropub. Bitters street art tumblr, retro locavore poutine yr roof party squid. Tattooed marfa lo-fi, next level tumblr microdosing cornhole slow-carb twee skateboard gochujang 90's PBR&B swag."], ["created_at", "2016-05-01 05:03:55.036555"], ["updated_at", "2016-05-01 05:03:55.036555"]]
  [1m[35m (1.5ms)[0m  commit transaction
Redirected to http://localhost:3000/posts/1
Completed 302 Found in 338ms (ActiveRecord: 330.8ms)


Started GET "/posts/1" for ::1 at 2016-05-01 10:33:55 +0530

AbstractController::ActionNotFound (The action 'show' could not be found for PostsController):
  actionpack (4.2.6) lib/abstract_controller/base.rb:132:in `process'
  actionview (4.2.6) lib/action_view/rendering.rb:30:in `process'
  actionpack (4.2.6) lib/action_controller/metal.rb:196:in `dispatch'
  actionpack (4.2.6) lib/action_controller/metal/rack_delegation.rb:13:in `dispatch'
  actionpack (4.2.6) lib/action_controller/metal.rb:237:in `block in action'
  actionpack (4.2.6) lib/action_dispatch/routing/route_set.rb:74:in `dispatch'
  actionpack (4.2.6) lib/action_dispatch/routing/route_set.rb:43:in `serve'
  actionpack (4.2.6) lib/action_dispatch/journey/router.rb:43:in `block in serve'
  actionpack (4.2.6) lib/action_dispatch/journey/router.rb:30:in `each'
  actionpack (4.2.6) lib/action_dispatch/journey/router.rb:30:in `serve'
  actionpack (4.2.6) lib/action_dispatch/routing/route_set.rb:817:in `call'
  rack (1.6.4) lib/rack/etag.rb:24:in `call'
  rack (1.6.4) lib/rack/conditionalget.rb:25:in `call'
  rack (1.6.4) lib/rack/head.rb:13:in `call'
  actionpack (4.2.6) lib/action_dispatch/middleware/params_parser.rb:27:in `call'
  actionpack (4.2.6) lib/action_dispatch/middleware/flash.rb:260:in `call'
  rack (1.6.4) lib/rack/session/abstract/id.rb:225:in `context'
  rack (1.6.4) lib/rack/session/abstract/id.rb:220:in `call'
  actionpack (4.2.6) lib/action_dispatch/middleware/cookies.rb:560:in `call'
  activerecord (4.2.6) lib/active_record/query_cache.rb:36:in `call'
  activerecord (4.2.6) lib/active_record/connection_adapters/abstract/connection_pool.rb:653:in `call'
  activerecord (4.2.6) lib/active_record/migration.rb:377:in `call'
  actionpack (4.2.6) lib/action_dispatch/middleware/callbacks.rb:29:in `block in call'
  activesupport (4.2.6) lib/active_support/callbacks.rb:88:in `__run_callbacks__'
  activesupport (4.2.6) lib/active_support/callbacks.rb:778:in `_run_call_callbacks'
  activesupport (4.2.6) lib/active_support/callbacks.rb:81:in `run_callbacks'
  actionpack (4.2.6) lib/action_dispatch/middleware/callbacks.rb:27:in `call'
  actionpack (4.2.6) lib/action_dispatch/middleware/reloader.rb:73:in `call'
  actionpack (4.2.6) lib/action_dispatch/middleware/remote_ip.rb:78:in `call'
  actionpack (4.2.6) lib/action_dispatch/middleware/debug_exceptions.rb:17:in `call'
  web-console (2.3.0) lib/web_console/middleware.rb:28:in `block in call'
  web-console (2.3.0) lib/web_console/middleware.rb:18:in `catch'
  web-console (2.3.0) lib/web_console/middleware.rb:18:in `call'
  actionpack (4.2.6) lib/action_dispatch/middleware/show_exceptions.rb:30:in `call'
  railties (4.2.6) lib/rails/rack/logger.rb:38:in `call_app'
  railties (4.2.6) lib/rails/rack/logger.rb:20:in `block in call'
  activesupport (4.2.6) lib/active_support/tagged_logging.rb:68:in `block in tagged'
  activesupport (4.2.6) lib/active_support/tagged_logging.rb:26:in `tagged'
  activesupport (4.2.6) lib/active_support/tagged_logging.rb:68:in `tagged'
  railties (4.2.6) lib/rails/rack/logger.rb:20:in `call'
  actionpack (4.2.6) lib/action_dispatch/middleware/request_id.rb:21:in `call'
  rack (1.6.4) lib/rack/methodoverride.rb:22:in `call'
  rack (1.6.4) lib/rack/runtime.rb:18:in `call'
  activesupport (4.2.6) lib/active_support/cache/strategy/local_cache_middleware.rb:28:in `call'
  rack (1.6.4) lib/rack/lock.rb:17:in `call'
  actionpack (4.2.6) lib/action_dispatch/middleware/static.rb:120:in `call'
  rack (1.6.4) lib/rack/sendfile.rb:113:in `call'
  railties (4.2.6) lib/rails/engine.rb:518:in `call'
  railties (4.2.6) lib/rails/application.rb:165:in `call'
  rack (1.6.4) lib/rack/lock.rb:17:in `call'
  rack (1.6.4) lib/rack/content_length.rb:15:in `call'
  rack (1.6.4) lib/rack/handler/webrick.rb:88:in `service'
  /Users/yatheesha/.rbenv/versions/2.3.0/lib/ruby/2.3.0/webrick/httpserver.rb:140:in `service'
  /Users/yatheesha/.rbenv/versions/2.3.0/lib/ruby/2.3.0/webrick/httpserver.rb:96:in `run'
  /Users/yatheesha/.rbenv/versions/2.3.0/lib/ruby/2.3.0/webrick/server.rb:296:in `block in start_thread'


  Rendered /Users/yatheesha/.rbenv/versions/2.3.0/lib/ruby/gems/2.3.0/gems/actionpack-4.2.6/lib/action_dispatch/middleware/templates/rescues/unknown_action.html.erb within rescues/layout (0.4ms)
  Rendered /Users/yatheesha/.rbenv/versions/2.3.0/lib/ruby/gems/2.3.0/gems/web-console-2.3.0/lib/web_console/templates/_markup.html.erb (0.4ms)
  Rendered /Users/yatheesha/.rbenv/versions/2.3.0/lib/ruby/gems/2.3.0/gems/web-console-2.3.0/lib/web_console/templates/_inner_console_markup.html.erb within layouts/inlined_string (0.3ms)
  Rendered /Users/yatheesha/.rbenv/versions/2.3.0/lib/ruby/gems/2.3.0/gems/web-console-2.3.0/lib/web_console/templates/_prompt_box_markup.html.erb within layouts/inlined_string (0.4ms)
  Rendered /Users/yatheesha/.rbenv/versions/2.3.0/lib/ruby/gems/2.3.0/gems/web-console-2.3.0/lib/web_console/templates/style.css.erb within layouts/inlined_string (0.3ms)
  Rendered /Users/yatheesha/.rbenv/versions/2.3.0/lib/ruby/gems/2.3.0/gems/web-console-2.3.0/lib/web_console/templates/console.js.erb within layouts/javascript (52.1ms)
  Rendered /Users/yatheesha/.rbenv/versions/2.3.0/lib/ruby/gems/2.3.0/gems/web-console-2.3.0/lib/web_console/templates/main.js.erb within layouts/javascript (0.5ms)
  Rendered /Users/yatheesha/.rbenv/versions/2.3.0/lib/ruby/gems/2.3.0/gems/web-console-2.3.0/lib/web_console/templates/error_page.js.erb within layouts/javascript (0.5ms)
  Rendered /Users/yatheesha/.rbenv/versions/2.3.0/lib/ruby/gems/2.3.0/gems/web-console-2.3.0/lib/web_console/templates/index.html.erb (131.0ms)


Started GET "/posts/1" for ::1 at 2016-05-01 10:34:53 +0530
Processing by PostsController#show as HTML
  Parameters: {"id"=>"1"}
  Rendered posts/show.html.erb within layouts/application (2.5ms)
Completed 500 Internal Server Error in 5ms (ActiveRecord: 0.0ms)

ActionView::Template::Error (undefined method `title' for nil:NilClass):
    1: <%= @post.title %>
  app/views/posts/show.html.erb:1:in `_app_views_posts_show_html_erb__637887267325936011_70330740481700'


  Rendered /Users/yatheesha/.rbenv/versions/2.3.0/lib/ruby/gems/2.3.0/gems/actionpack-4.2.6/lib/action_dispatch/middleware/templates/rescues/_source.erb (6.5ms)
  Rendered /Users/yatheesha/.rbenv/versions/2.3.0/lib/ruby/gems/2.3.0/gems/actionpack-4.2.6/lib/action_dispatch/middleware/templates/rescues/_trace.html.erb (2.4ms)
  Rendered /Users/yatheesha/.rbenv/versions/2.3.0/lib/ruby/gems/2.3.0/gems/actionpack-4.2.6/lib/action_dispatch/middleware/templates/rescues/_request_and_response.html.erb (0.8ms)
  Rendered /Users/yatheesha/.rbenv/versions/2.3.0/lib/ruby/gems/2.3.0/gems/actionpack-4.2.6/lib/action_dispatch/middleware/templates/rescues/template_error.html.erb within rescues/layout (60.2ms)
  Rendered /Users/yatheesha/.rbenv/versions/2.3.0/lib/ruby/gems/2.3.0/gems/web-console-2.3.0/lib/web_console/templates/_markup.html.erb (0.4ms)
  Rendered /Users/yatheesha/.rbenv/versions/2.3.0/lib/ruby/gems/2.3.0/gems/web-console-2.3.0/lib/web_console/templates/_inner_console_markup.html.erb within layouts/inlined_string (0.4ms)
  Rendered /Users/yatheesha/.rbenv/versions/2.3.0/lib/ruby/gems/2.3.0/gems/web-console-2.3.0/lib/web_console/templates/_prompt_box_markup.html.erb within layouts/inlined_string (0.3ms)
  Rendered /Users/yatheesha/.rbenv/versions/2.3.0/lib/ruby/gems/2.3.0/gems/web-console-2.3.0/lib/web_console/templates/style.css.erb within layouts/inlined_string (0.5ms)
  Rendered /Users/yatheesha/.rbenv/versions/2.3.0/lib/ruby/gems/2.3.0/gems/web-console-2.3.0/lib/web_console/templates/console.js.erb within layouts/javascript (51.4ms)
  Rendered /Users/yatheesha/.rbenv/versions/2.3.0/lib/ruby/gems/2.3.0/gems/web-console-2.3.0/lib/web_console/templates/main.js.erb within layouts/javascript (0.4ms)
  Rendered /Users/yatheesha/.rbenv/versions/2.3.0/lib/ruby/gems/2.3.0/gems/web-console-2.3.0/lib/web_console/templates/error_page.js.erb within layouts/javascript (0.5ms)
  Rendered /Users/yatheesha/.rbenv/versions/2.3.0/lib/ruby/gems/2.3.0/gems/web-console-2.3.0/lib/web_console/templates/index.html.erb (115.1ms)


Started GET "/posts/1" for ::1 at 2016-05-01 10:38:10 +0530
Processing by PostsController#show as HTML
  Parameters: {"id"=>"1"}
  [1m[36mPost Load (0.2ms)[0m  [1mSELECT  "posts".* FROM "posts" WHERE "posts"."id" = ? LIMIT 1[0m  [["id", 1]]
  Rendered posts/show.html.erb within layouts/application (0.1ms)
Completed 200 OK in 40ms (Views: 15.3ms | ActiveRecord: 0.7ms)


Started GET "/assets/posts.self-e3b0c44298fc1c149afbf4c8996fb92427ae41e4649b934ca495991b7852b855.css?body=1" for ::1 at 2016-05-01 10:38:10 +0530


Started GET "/assets/jquery.self-660adc51e0224b731d29f575a6f1ec167ba08ad06ed5deca4f1e8654c135bf4c.js?body=1" for ::1 at 2016-05-01 10:38:10 +0530


Started GET "/assets/application.self-e80e8f2318043e8af94dddc2adad5a4f09739a8ebb323b3ab31cd71d45fd9113.css?body=1" for ::1 at 2016-05-01 10:38:10 +0530


Started GET "/assets/turbolinks.self-c37727e9bd6b2735da5c311aa83fead54ed0be6cc8bd9a65309e9c5abe2cbfff.js?body=1" for ::1 at 2016-05-01 10:38:10 +0530


Started GET "/assets/jquery_ujs.self-e87806d0cf4489aeb1bb7288016024e8de67fd18db693fe026fe3907581e53cd.js?body=1" for ::1 at 2016-05-01 10:38:10 +0530


Started GET "/assets/posts.self-877aef30ae1b040ab8a3aba4e3e309a11d7f2612f44dde450b5c157aa5f95c05.js?body=1" for ::1 at 2016-05-01 10:38:10 +0530


Started GET "/assets/application.self-3b8dabdc891efe46b9a144b400ad69e37d7e5876bdc39dee783419a69d7ca819.js?body=1" for ::1 at 2016-05-01 10:38:10 +0530


Started GET "/posts/1" for ::1 at 2016-05-01 10:39:23 +0530
Processing by PostsController#show as HTML
  Parameters: {"id"=>"1"}
  [1m[35mPost Load (0.1ms)[0m  SELECT  "posts".* FROM "posts" WHERE "posts"."id" = ? LIMIT 1  [["id", 1]]
  Rendered posts/show.html.erb within layouts/application (0.4ms)
Completed 200 OK in 14ms (Views: 13.4ms | ActiveRecord: 0.1ms)


Started GET "/assets/posts.self-e3b0c44298fc1c149afbf4c8996fb92427ae41e4649b934ca495991b7852b855.css?body=1" for ::1 at 2016-05-01 10:39:23 +0530


Started GET "/assets/application.self-e80e8f2318043e8af94dddc2adad5a4f09739a8ebb323b3ab31cd71d45fd9113.css?body=1" for ::1 at 2016-05-01 10:39:23 +0530


Started GET "/assets/jquery_ujs.self-e87806d0cf4489aeb1bb7288016024e8de67fd18db693fe026fe3907581e53cd.js?body=1" for ::1 at 2016-05-01 10:39:23 +0530


Started GET "/assets/jquery.self-660adc51e0224b731d29f575a6f1ec167ba08ad06ed5deca4f1e8654c135bf4c.js?body=1" for ::1 at 2016-05-01 10:39:23 +0530


Started GET "/assets/posts.self-877aef30ae1b040ab8a3aba4e3e309a11d7f2612f44dde450b5c157aa5f95c05.js?body=1" for ::1 at 2016-05-01 10:39:23 +0530


Started GET "/assets/turbolinks.self-c37727e9bd6b2735da5c311aa83fead54ed0be6cc8bd9a65309e9c5abe2cbfff.js?body=1" for ::1 at 2016-05-01 10:39:23 +0530


Started GET "/assets/application.self-3b8dabdc891efe46b9a144b400ad69e37d7e5876bdc39dee783419a69d7ca819.js?body=1" for ::1 at 2016-05-01 10:39:23 +0530


Started GET "/posts/1" for ::1 at 2016-05-01 10:44:37 +0530
Processing by PostsController#show as HTML
  Parameters: {"id"=>"1"}
  [1m[36mPost Load (0.1ms)[0m  [1mSELECT  "posts".* FROM "posts" WHERE "posts"."id" = ? LIMIT 1[0m  [["id", 1]]
  Rendered posts/show.html.erb within layouts/application (0.1ms)
Completed 200 OK in 18ms (Views: 13.2ms | ActiveRecord: 0.5ms)


Started GET "/posts/1" for ::1 at 2016-05-01 10:44:47 +0530
Processing by PostsController#show as HTML
  Parameters: {"id"=>"1"}
  [1m[35mPost Load (0.1ms)[0m  SELECT  "posts".* FROM "posts" WHERE "posts"."id" = ? LIMIT 1  [["id", 1]]
  Rendered posts/show.html.erb within layouts/application (0.6ms)
Completed 200 OK in 13ms (Views: 11.9ms | ActiveRecord: 0.1ms)


Started GET "/assets/posts.self-e3b0c44298fc1c149afbf4c8996fb92427ae41e4649b934ca495991b7852b855.css?body=1" for ::1 at 2016-05-01 10:44:47 +0530


Started GET "/assets/jquery.self-660adc51e0224b731d29f575a6f1ec167ba08ad06ed5deca4f1e8654c135bf4c.js?body=1" for ::1 at 2016-05-01 10:44:47 +0530


Started GET "/assets/turbolinks.self-c37727e9bd6b2735da5c311aa83fead54ed0be6cc8bd9a65309e9c5abe2cbfff.js?body=1" for ::1 at 2016-05-01 10:44:47 +0530


Started GET "/assets/jquery_ujs.self-e87806d0cf4489aeb1bb7288016024e8de67fd18db693fe026fe3907581e53cd.js?body=1" for ::1 at 2016-05-01 10:44:47 +0530


Started GET "/assets/application.self-e80e8f2318043e8af94dddc2adad5a4f09739a8ebb323b3ab31cd71d45fd9113.css?body=1" for ::1 at 2016-05-01 10:44:47 +0530


Started GET "/assets/posts.self-877aef30ae1b040ab8a3aba4e3e309a11d7f2612f44dde450b5c157aa5f95c05.js?body=1" for ::1 at 2016-05-01 10:44:47 +0530


Started GET "/assets/application.self-3b8dabdc891efe46b9a144b400ad69e37d7e5876bdc39dee783419a69d7ca819.js?body=1" for ::1 at 2016-05-01 10:44:47 +0530


Started GET "/posts/1/edit" for ::1 at 2016-05-01 10:45:00 +0530
Processing by PostsController#edit as HTML
  Parameters: {"id"=>"1"}
  [1m[36mPost Load (0.1ms)[0m  [1mSELECT  "posts".* FROM "posts" WHERE "posts"."id" = ? LIMIT 1[0m  [["id", 1]]
Completed 500 Internal Server Error in 4ms (ActiveRecord: 0.1ms)

ActionView::MissingTemplate (Missing template posts/edit, application/edit with {:locale=>[:en], :formats=>[:html, :xml], :variants=>[], :handlers=>[:erb, :builder, :raw, :ruby, :coffee, :jbuilder]}. Searched in:
  * "/Volumes/Yatheesha/personal-blog/app/views"
):
  actionview (4.2.6) lib/action_view/path_set.rb:46:in `find'
  actionview (4.2.6) lib/action_view/lookup_context.rb:121:in `find'
  actionview (4.2.6) lib/action_view/renderer/abstract_renderer.rb:18:in `find_template'
  actionview (4.2.6) lib/action_view/renderer/template_renderer.rb:40:in `determine_template'
  actionview (4.2.6) lib/action_view/renderer/template_renderer.rb:8:in `render'
  actionview (4.2.6) lib/action_view/renderer/renderer.rb:46:in `render_template'
  actionview (4.2.6) lib/action_view/renderer/renderer.rb:27:in `render'
  actionview (4.2.6) lib/action_view/rendering.rb:100:in `_render_template'
  actionpack (4.2.6) lib/action_controller/metal/streaming.rb:217:in `_render_template'
  actionview (4.2.6) lib/action_view/rendering.rb:83:in `render_to_body'
  actionpack (4.2.6) lib/action_controller/metal/rendering.rb:32:in `render_to_body'
  actionpack (4.2.6) lib/action_controller/metal/renderers.rb:37:in `render_to_body'
  actionpack (4.2.6) lib/abstract_controller/rendering.rb:25:in `render'
  actionpack (4.2.6) lib/action_controller/metal/rendering.rb:16:in `render'
  actionpack (4.2.6) lib/action_controller/metal/instrumentation.rb:44:in `block (2 levels) in render'
  activesupport (4.2.6) lib/active_support/core_ext/benchmark.rb:12:in `block in ms'
  /Users/yatheesha/.rbenv/versions/2.3.0/lib/ruby/2.3.0/benchmark.rb:308:in `realtime'
  activesupport (4.2.6) lib/active_support/core_ext/benchmark.rb:12:in `ms'
  actionpack (4.2.6) lib/action_controller/metal/instrumentation.rb:44:in `block in render'
  actionpack (4.2.6) lib/action_controller/metal/instrumentation.rb:87:in `cleanup_view_runtime'
  activerecord (4.2.6) lib/active_record/railties/controller_runtime.rb:25:in `cleanup_view_runtime'
  actionpack (4.2.6) lib/action_controller/metal/instrumentation.rb:43:in `render'
  actionpack (4.2.6) lib/action_controller/metal/implicit_render.rb:10:in `default_render'
  actionpack (4.2.6) lib/action_controller/metal/implicit_render.rb:5:in `send_action'
  actionpack (4.2.6) lib/abstract_controller/base.rb:198:in `process_action'
  actionpack (4.2.6) lib/action_controller/metal/rendering.rb:10:in `process_action'
  actionpack (4.2.6) lib/abstract_controller/callbacks.rb:20:in `block in process_action'
  activesupport (4.2.6) lib/active_support/callbacks.rb:117:in `call'
  activesupport (4.2.6) lib/active_support/callbacks.rb:555:in `block (2 levels) in compile'
  activesupport (4.2.6) lib/active_support/callbacks.rb:505:in `call'
  activesupport (4.2.6) lib/active_support/callbacks.rb:92:in `__run_callbacks__'
  activesupport (4.2.6) lib/active_support/callbacks.rb:778:in `_run_process_action_callbacks'
  activesupport (4.2.6) lib/active_support/callbacks.rb:81:in `run_callbacks'
  actionpack (4.2.6) lib/abstract_controller/callbacks.rb:19:in `process_action'
  actionpack (4.2.6) lib/action_controller/metal/rescue.rb:29:in `process_action'
  actionpack (4.2.6) lib/action_controller/metal/instrumentation.rb:32:in `block in process_action'
  activesupport (4.2.6) lib/active_support/notifications.rb:164:in `block in instrument'
  activesupport (4.2.6) lib/active_support/notifications/instrumenter.rb:20:in `instrument'
  activesupport (4.2.6) lib/active_support/notifications.rb:164:in `instrument'
  actionpack (4.2.6) lib/action_controller/metal/instrumentation.rb:30:in `process_action'
  actionpack (4.2.6) lib/action_controller/metal/params_wrapper.rb:250:in `process_action'
  activerecord (4.2.6) lib/active_record/railties/controller_runtime.rb:18:in `process_action'
  actionpack (4.2.6) lib/abstract_controller/base.rb:137:in `process'
  actionview (4.2.6) lib/action_view/rendering.rb:30:in `process'
  actionpack (4.2.6) lib/action_controller/metal.rb:196:in `dispatch'
  actionpack (4.2.6) lib/action_controller/metal/rack_delegation.rb:13:in `dispatch'
  actionpack (4.2.6) lib/action_controller/metal.rb:237:in `block in action'
  actionpack (4.2.6) lib/action_dispatch/routing/route_set.rb:74:in `dispatch'
  actionpack (4.2.6) lib/action_dispatch/routing/route_set.rb:43:in `serve'
  actionpack (4.2.6) lib/action_dispatch/journey/router.rb:43:in `block in serve'
  actionpack (4.2.6) lib/action_dispatch/journey/router.rb:30:in `each'
  actionpack (4.2.6) lib/action_dispatch/journey/router.rb:30:in `serve'
  actionpack (4.2.6) lib/action_dispatch/routing/route_set.rb:817:in `call'
  rack (1.6.4) lib/rack/etag.rb:24:in `call'
  rack (1.6.4) lib/rack/conditionalget.rb:25:in `call'
  rack (1.6.4) lib/rack/head.rb:13:in `call'
  actionpack (4.2.6) lib/action_dispatch/middleware/params_parser.rb:27:in `call'
  actionpack (4.2.6) lib/action_dispatch/middleware/flash.rb:260:in `call'
  rack (1.6.4) lib/rack/session/abstract/id.rb:225:in `context'
  rack (1.6.4) lib/rack/session/abstract/id.rb:220:in `call'
  actionpack (4.2.6) lib/action_dispatch/middleware/cookies.rb:560:in `call'
  activerecord (4.2.6) lib/active_record/query_cache.rb:36:in `call'
  activerecord (4.2.6) lib/active_record/connection_adapters/abstract/connection_pool.rb:653:in `call'
  activerecord (4.2.6) lib/active_record/migration.rb:377:in `call'
  actionpack (4.2.6) lib/action_dispatch/middleware/callbacks.rb:29:in `block in call'
  activesupport (4.2.6) lib/active_support/callbacks.rb:88:in `__run_callbacks__'
  activesupport (4.2.6) lib/active_support/callbacks.rb:778:in `_run_call_callbacks'
  activesupport (4.2.6) lib/active_support/callbacks.rb:81:in `run_callbacks'
  actionpack (4.2.6) lib/action_dispatch/middleware/callbacks.rb:27:in `call'
  actionpack (4.2.6) lib/action_dispatch/middleware/reloader.rb:73:in `call'
  actionpack (4.2.6) lib/action_dispatch/middleware/remote_ip.rb:78:in `call'
  actionpack (4.2.6) lib/action_dispatch/middleware/debug_exceptions.rb:17:in `call'
  web-console (2.3.0) lib/web_console/middleware.rb:28:in `block in call'
  web-console (2.3.0) lib/web_console/middleware.rb:18:in `catch'
  web-console (2.3.0) lib/web_console/middleware.rb:18:in `call'
  actionpack (4.2.6) lib/action_dispatch/middleware/show_exceptions.rb:30:in `call'
  railties (4.2.6) lib/rails/rack/logger.rb:38:in `call_app'
  railties (4.2.6) lib/rails/rack/logger.rb:20:in `block in call'
  activesupport (4.2.6) lib/active_support/tagged_logging.rb:68:in `block in tagged'
  activesupport (4.2.6) lib/active_support/tagged_logging.rb:26:in `tagged'
  activesupport (4.2.6) lib/active_support/tagged_logging.rb:68:in `tagged'
  railties (4.2.6) lib/rails/rack/logger.rb:20:in `call'
  actionpack (4.2.6) lib/action_dispatch/middleware/request_id.rb:21:in `call'
  rack (1.6.4) lib/rack/methodoverride.rb:22:in `call'
  rack (1.6.4) lib/rack/runtime.rb:18:in `call'
  activesupport (4.2.6) lib/active_support/cache/strategy/local_cache_middleware.rb:28:in `call'
  rack (1.6.4) lib/rack/lock.rb:17:in `call'
  actionpack (4.2.6) lib/action_dispatch/middleware/static.rb:120:in `call'
  rack (1.6.4) lib/rack/sendfile.rb:113:in `call'
  railties (4.2.6) lib/rails/engine.rb:518:in `call'
  railties (4.2.6) lib/rails/application.rb:165:in `call'
  rack (1.6.4) lib/rack/lock.rb:17:in `call'
  rack (1.6.4) lib/rack/content_length.rb:15:in `call'
  rack (1.6.4) lib/rack/handler/webrick.rb:88:in `service'
  /Users/yatheesha/.rbenv/versions/2.3.0/lib/ruby/2.3.0/webrick/httpserver.rb:140:in `service'
  /Users/yatheesha/.rbenv/versions/2.3.0/lib/ruby/2.3.0/webrick/httpserver.rb:96:in `run'
  /Users/yatheesha/.rbenv/versions/2.3.0/lib/ruby/2.3.0/webrick/server.rb:296:in `block in start_thread'


  Rendered /Users/yatheesha/.rbenv/versions/2.3.0/lib/ruby/gems/2.3.0/gems/actionpack-4.2.6/lib/action_dispatch/middleware/templates/rescues/_source.erb (4.9ms)
  Rendered /Users/yatheesha/.rbenv/versions/2.3.0/lib/ruby/gems/2.3.0/gems/actionpack-4.2.6/lib/action_dispatch/middleware/templates/rescues/_trace.html.erb (1.9ms)
  Rendered /Users/yatheesha/.rbenv/versions/2.3.0/lib/ruby/gems/2.3.0/gems/actionpack-4.2.6/lib/action_dispatch/middleware/templates/rescues/_request_and_response.html.erb (0.8ms)
  Rendered /Users/yatheesha/.rbenv/versions/2.3.0/lib/ruby/gems/2.3.0/gems/actionpack-4.2.6/lib/action_dispatch/middleware/templates/rescues/missing_template.html.erb within rescues/layout (59.3ms)
  Rendered /Users/yatheesha/.rbenv/versions/2.3.0/lib/ruby/gems/2.3.0/gems/web-console-2.3.0/lib/web_console/templates/_markup.html.erb (0.4ms)
  Rendered /Users/yatheesha/.rbenv/versions/2.3.0/lib/ruby/gems/2.3.0/gems/web-console-2.3.0/lib/web_console/templates/_inner_console_markup.html.erb within layouts/inlined_string (0.3ms)
  Rendered /Users/yatheesha/.rbenv/versions/2.3.0/lib/ruby/gems/2.3.0/gems/web-console-2.3.0/lib/web_console/templates/_prompt_box_markup.html.erb within layouts/inlined_string (0.3ms)
  Rendered /Users/yatheesha/.rbenv/versions/2.3.0/lib/ruby/gems/2.3.0/gems/web-console-2.3.0/lib/web_console/templates/style.css.erb within layouts/inlined_string (0.3ms)
  Rendered /Users/yatheesha/.rbenv/versions/2.3.0/lib/ruby/gems/2.3.0/gems/web-console-2.3.0/lib/web_console/templates/console.js.erb within layouts/javascript (51.9ms)
  Rendered /Users/yatheesha/.rbenv/versions/2.3.0/lib/ruby/gems/2.3.0/gems/web-console-2.3.0/lib/web_console/templates/main.js.erb within layouts/javascript (0.3ms)
  Rendered /Users/yatheesha/.rbenv/versions/2.3.0/lib/ruby/gems/2.3.0/gems/web-console-2.3.0/lib/web_console/templates/error_page.js.erb within layouts/javascript (0.4ms)
  Rendered /Users/yatheesha/.rbenv/versions/2.3.0/lib/ruby/gems/2.3.0/gems/web-console-2.3.0/lib/web_console/templates/index.html.erb (114.4ms)


Started GET "/posts/1/edit" for ::1 at 2016-05-01 10:45:01 +0530
Processing by PostsController#edit as HTML
  Parameters: {"id"=>"1"}
  [1m[35mPost Load (0.1ms)[0m  SELECT  "posts".* FROM "posts" WHERE "posts"."id" = ? LIMIT 1  [["id", 1]]
Completed 500 Internal Server Error in 3ms (ActiveRecord: 0.1ms)

ActionView::MissingTemplate (Missing template posts/edit, application/edit with {:locale=>[:en], :formats=>[:html], :variants=>[], :handlers=>[:erb, :builder, :raw, :ruby, :coffee, :jbuilder]}. Searched in:
  * "/Volumes/Yatheesha/personal-blog/app/views"
):
  actionview (4.2.6) lib/action_view/path_set.rb:46:in `find'
  actionview (4.2.6) lib/action_view/lookup_context.rb:121:in `find'
  actionview (4.2.6) lib/action_view/renderer/abstract_renderer.rb:18:in `find_template'
  actionview (4.2.6) lib/action_view/renderer/template_renderer.rb:40:in `determine_template'
  actionview (4.2.6) lib/action_view/renderer/template_renderer.rb:8:in `render'
  actionview (4.2.6) lib/action_view/renderer/renderer.rb:46:in `render_template'
  actionview (4.2.6) lib/action_view/renderer/renderer.rb:27:in `render'
  actionview (4.2.6) lib/action_view/rendering.rb:100:in `_render_template'
  actionpack (4.2.6) lib/action_controller/metal/streaming.rb:217:in `_render_template'
  actionview (4.2.6) lib/action_view/rendering.rb:83:in `render_to_body'
  actionpack (4.2.6) lib/action_controller/metal/rendering.rb:32:in `render_to_body'
  actionpack (4.2.6) lib/action_controller/metal/renderers.rb:37:in `render_to_body'
  actionpack (4.2.6) lib/abstract_controller/rendering.rb:25:in `render'
  actionpack (4.2.6) lib/action_controller/metal/rendering.rb:16:in `render'
  actionpack (4.2.6) lib/action_controller/metal/instrumentation.rb:44:in `block (2 levels) in render'
  activesupport (4.2.6) lib/active_support/core_ext/benchmark.rb:12:in `block in ms'
  /Users/yatheesha/.rbenv/versions/2.3.0/lib/ruby/2.3.0/benchmark.rb:308:in `realtime'
  activesupport (4.2.6) lib/active_support/core_ext/benchmark.rb:12:in `ms'
  actionpack (4.2.6) lib/action_controller/metal/instrumentation.rb:44:in `block in render'
  actionpack (4.2.6) lib/action_controller/metal/instrumentation.rb:87:in `cleanup_view_runtime'
  activerecord (4.2.6) lib/active_record/railties/controller_runtime.rb:25:in `cleanup_view_runtime'
  actionpack (4.2.6) lib/action_controller/metal/instrumentation.rb:43:in `render'
  actionpack (4.2.6) lib/action_controller/metal/implicit_render.rb:10:in `default_render'
  actionpack (4.2.6) lib/action_controller/metal/implicit_render.rb:5:in `send_action'
  actionpack (4.2.6) lib/abstract_controller/base.rb:198:in `process_action'
  actionpack (4.2.6) lib/action_controller/metal/rendering.rb:10:in `process_action'
  actionpack (4.2.6) lib/abstract_controller/callbacks.rb:20:in `block in process_action'
  activesupport (4.2.6) lib/active_support/callbacks.rb:117:in `call'
  activesupport (4.2.6) lib/active_support/callbacks.rb:555:in `block (2 levels) in compile'
  activesupport (4.2.6) lib/active_support/callbacks.rb:505:in `call'
  activesupport (4.2.6) lib/active_support/callbacks.rb:92:in `__run_callbacks__'
  activesupport (4.2.6) lib/active_support/callbacks.rb:778:in `_run_process_action_callbacks'
  activesupport (4.2.6) lib/active_support/callbacks.rb:81:in `run_callbacks'
  actionpack (4.2.6) lib/abstract_controller/callbacks.rb:19:in `process_action'
  actionpack (4.2.6) lib/action_controller/metal/rescue.rb:29:in `process_action'
  actionpack (4.2.6) lib/action_controller/metal/instrumentation.rb:32:in `block in process_action'
  activesupport (4.2.6) lib/active_support/notifications.rb:164:in `block in instrument'
  activesupport (4.2.6) lib/active_support/notifications/instrumenter.rb:20:in `instrument'
  activesupport (4.2.6) lib/active_support/notifications.rb:164:in `instrument'
  actionpack (4.2.6) lib/action_controller/metal/instrumentation.rb:30:in `process_action'
  actionpack (4.2.6) lib/action_controller/metal/params_wrapper.rb:250:in `process_action'
  activerecord (4.2.6) lib/active_record/railties/controller_runtime.rb:18:in `process_action'
  actionpack (4.2.6) lib/abstract_controller/base.rb:137:in `process'
  actionview (4.2.6) lib/action_view/rendering.rb:30:in `process'
  actionpack (4.2.6) lib/action_controller/metal.rb:196:in `dispatch'
  actionpack (4.2.6) lib/action_controller/metal/rack_delegation.rb:13:in `dispatch'
  actionpack (4.2.6) lib/action_controller/metal.rb:237:in `block in action'
  actionpack (4.2.6) lib/action_dispatch/routing/route_set.rb:74:in `dispatch'
  actionpack (4.2.6) lib/action_dispatch/routing/route_set.rb:43:in `serve'
  actionpack (4.2.6) lib/action_dispatch/journey/router.rb:43:in `block in serve'
  actionpack (4.2.6) lib/action_dispatch/journey/router.rb:30:in `each'
  actionpack (4.2.6) lib/action_dispatch/journey/router.rb:30:in `serve'
  actionpack (4.2.6) lib/action_dispatch/routing/route_set.rb:817:in `call'
  rack (1.6.4) lib/rack/etag.rb:24:in `call'
  rack (1.6.4) lib/rack/conditionalget.rb:25:in `call'
  rack (1.6.4) lib/rack/head.rb:13:in `call'
  actionpack (4.2.6) lib/action_dispatch/middleware/params_parser.rb:27:in `call'
  actionpack (4.2.6) lib/action_dispatch/middleware/flash.rb:260:in `call'
  rack (1.6.4) lib/rack/session/abstract/id.rb:225:in `context'
  rack (1.6.4) lib/rack/session/abstract/id.rb:220:in `call'
  actionpack (4.2.6) lib/action_dispatch/middleware/cookies.rb:560:in `call'
  activerecord (4.2.6) lib/active_record/query_cache.rb:36:in `call'
  activerecord (4.2.6) lib/active_record/connection_adapters/abstract/connection_pool.rb:653:in `call'
  activerecord (4.2.6) lib/active_record/migration.rb:377:in `call'
  actionpack (4.2.6) lib/action_dispatch/middleware/callbacks.rb:29:in `block in call'
  activesupport (4.2.6) lib/active_support/callbacks.rb:88:in `__run_callbacks__'
  activesupport (4.2.6) lib/active_support/callbacks.rb:778:in `_run_call_callbacks'
  activesupport (4.2.6) lib/active_support/callbacks.rb:81:in `run_callbacks'
  actionpack (4.2.6) lib/action_dispatch/middleware/callbacks.rb:27:in `call'
  actionpack (4.2.6) lib/action_dispatch/middleware/reloader.rb:73:in `call'
  actionpack (4.2.6) lib/action_dispatch/middleware/remote_ip.rb:78:in `call'
  actionpack (4.2.6) lib/action_dispatch/middleware/debug_exceptions.rb:17:in `call'
  web-console (2.3.0) lib/web_console/middleware.rb:28:in `block in call'
  web-console (2.3.0) lib/web_console/middleware.rb:18:in `catch'
  web-console (2.3.0) lib/web_console/middleware.rb:18:in `call'
  actionpack (4.2.6) lib/action_dispatch/middleware/show_exceptions.rb:30:in `call'
  railties (4.2.6) lib/rails/rack/logger.rb:38:in `call_app'
  railties (4.2.6) lib/rails/rack/logger.rb:20:in `block in call'
  activesupport (4.2.6) lib/active_support/tagged_logging.rb:68:in `block in tagged'
  activesupport (4.2.6) lib/active_support/tagged_logging.rb:26:in `tagged'
  activesupport (4.2.6) lib/active_support/tagged_logging.rb:68:in `tagged'
  railties (4.2.6) lib/rails/rack/logger.rb:20:in `call'
  actionpack (4.2.6) lib/action_dispatch/middleware/request_id.rb:21:in `call'
  rack (1.6.4) lib/rack/methodoverride.rb:22:in `call'
  rack (1.6.4) lib/rack/runtime.rb:18:in `call'
  activesupport (4.2.6) lib/active_support/cache/strategy/local_cache_middleware.rb:28:in `call'
  rack (1.6.4) lib/rack/lock.rb:17:in `call'
  actionpack (4.2.6) lib/action_dispatch/middleware/static.rb:120:in `call'
  rack (1.6.4) lib/rack/sendfile.rb:113:in `call'
  railties (4.2.6) lib/rails/engine.rb:518:in `call'
  railties (4.2.6) lib/rails/application.rb:165:in `call'
  rack (1.6.4) lib/rack/lock.rb:17:in `call'
  rack (1.6.4) lib/rack/content_length.rb:15:in `call'
  rack (1.6.4) lib/rack/handler/webrick.rb:88:in `service'
  /Users/yatheesha/.rbenv/versions/2.3.0/lib/ruby/2.3.0/webrick/httpserver.rb:140:in `service'
  /Users/yatheesha/.rbenv/versions/2.3.0/lib/ruby/2.3.0/webrick/httpserver.rb:96:in `run'
  /Users/yatheesha/.rbenv/versions/2.3.0/lib/ruby/2.3.0/webrick/server.rb:296:in `block in start_thread'


  Rendered /Users/yatheesha/.rbenv/versions/2.3.0/lib/ruby/gems/2.3.0/gems/actionpack-4.2.6/lib/action_dispatch/middleware/templates/rescues/_source.erb (4.8ms)
  Rendered /Users/yatheesha/.rbenv/versions/2.3.0/lib/ruby/gems/2.3.0/gems/actionpack-4.2.6/lib/action_dispatch/middleware/templates/rescues/_trace.html.erb (2.1ms)
  Rendered /Users/yatheesha/.rbenv/versions/2.3.0/lib/ruby/gems/2.3.0/gems/actionpack-4.2.6/lib/action_dispatch/middleware/templates/rescues/_request_and_response.html.erb (0.7ms)
  Rendered /Users/yatheesha/.rbenv/versions/2.3.0/lib/ruby/gems/2.3.0/gems/actionpack-4.2.6/lib/action_dispatch/middleware/templates/rescues/missing_template.html.erb within rescues/layout (61.2ms)
  Rendered /Users/yatheesha/.rbenv/versions/2.3.0/lib/ruby/gems/2.3.0/gems/web-console-2.3.0/lib/web_console/templates/_markup.html.erb (0.5ms)
  Rendered /Users/yatheesha/.rbenv/versions/2.3.0/lib/ruby/gems/2.3.0/gems/web-console-2.3.0/lib/web_console/templates/_inner_console_markup.html.erb within layouts/inlined_string (0.3ms)
  Rendered /Users/yatheesha/.rbenv/versions/2.3.0/lib/ruby/gems/2.3.0/gems/web-console-2.3.0/lib/web_console/templates/_prompt_box_markup.html.erb within layouts/inlined_string (0.3ms)
  Rendered /Users/yatheesha/.rbenv/versions/2.3.0/lib/ruby/gems/2.3.0/gems/web-console-2.3.0/lib/web_console/templates/style.css.erb within layouts/inlined_string (0.3ms)
  Rendered /Users/yatheesha/.rbenv/versions/2.3.0/lib/ruby/gems/2.3.0/gems/web-console-2.3.0/lib/web_console/templates/console.js.erb within layouts/javascript (53.2ms)
  Rendered /Users/yatheesha/.rbenv/versions/2.3.0/lib/ruby/gems/2.3.0/gems/web-console-2.3.0/lib/web_console/templates/main.js.erb within layouts/javascript (0.3ms)
  Rendered /Users/yatheesha/.rbenv/versions/2.3.0/lib/ruby/gems/2.3.0/gems/web-console-2.3.0/lib/web_console/templates/error_page.js.erb within layouts/javascript (0.7ms)
  Rendered /Users/yatheesha/.rbenv/versions/2.3.0/lib/ruby/gems/2.3.0/gems/web-console-2.3.0/lib/web_console/templates/index.html.erb (122.2ms)


Started GET "/posts/1/edit" for ::1 at 2016-05-01 10:45:46 +0530
Processing by PostsController#edit as HTML
  Parameters: {"id"=>"1"}
  [1m[36mPost Load (0.1ms)[0m  [1mSELECT  "posts".* FROM "posts" WHERE "posts"."id" = ? LIMIT 1[0m  [["id", 1]]
  Rendered posts/_form.html.erb (1.6ms)
  Rendered posts/edit.html.erb within layouts/application (2.8ms)
Completed 200 OK in 16ms (Views: 14.9ms | ActiveRecord: 0.1ms)


Started GET "/assets/posts.self-e3b0c44298fc1c149afbf4c8996fb92427ae41e4649b934ca495991b7852b855.css?body=1" for ::1 at 2016-05-01 10:45:46 +0530


Started GET "/assets/jquery.self-660adc51e0224b731d29f575a6f1ec167ba08ad06ed5deca4f1e8654c135bf4c.js?body=1" for ::1 at 2016-05-01 10:45:46 +0530


Started GET "/assets/application.self-e80e8f2318043e8af94dddc2adad5a4f09739a8ebb323b3ab31cd71d45fd9113.css?body=1" for ::1 at 2016-05-01 10:45:46 +0530


Started GET "/assets/jquery_ujs.self-e87806d0cf4489aeb1bb7288016024e8de67fd18db693fe026fe3907581e53cd.js?body=1" for ::1 at 2016-05-01 10:45:46 +0530


Started GET "/assets/turbolinks.self-c37727e9bd6b2735da5c311aa83fead54ed0be6cc8bd9a65309e9c5abe2cbfff.js?body=1" for ::1 at 2016-05-01 10:45:46 +0530


Started GET "/assets/posts.self-877aef30ae1b040ab8a3aba4e3e309a11d7f2612f44dde450b5c157aa5f95c05.js?body=1" for ::1 at 2016-05-01 10:45:46 +0530


Started GET "/assets/application.self-3b8dabdc891efe46b9a144b400ad69e37d7e5876bdc39dee783419a69d7ca819.js?body=1" for ::1 at 2016-05-01 10:45:46 +0530


Started PATCH "/posts/1" for ::1 at 2016-05-01 10:46:06 +0530
Processing by PostsController#update as HTML
  Parameters: {"utf8"=>"✓", "authenticity_token"=>"nAM4ppISAVRhVNWimAbcDZ0hdTaGlE3ndbxPgYWNhCcASnUvb2ooHCubuhp937nvJx6oox9nJwhfiD5jz7l/Vg==", "post"=>{"title"=>"test post Updated", "content"=>"Hella narwhal ethical four loko bushwick, messenger bag lumbersexual listicle. Kinfolk XOXO fixie semiotics, thundercats readymade sartorial. Intelligentsia viral ennui whatever art party skateboard. Stumptown 90's cred, man braid tousled cronut ugh you probably haven't heard of them small batch chia deep v helvetica pop-up cold-pressed wolf. Listicle yuccie hashtag lomo typewriter, keytar cliche forage mixtape. 90's vice tilde aesthetic chambray direct trade, selvage deep v. Chartreuse quinoa knausgaard kinfolk bicycle rights bushwick seitan.\r\n\r\nJean shorts pork belly cardigan pug roof party craft beer. Hammock put a bird on it brunch cold-pressed. Crucifix scenester blog, poutine godard chia swag shoreditch aesthetic kogi humblebrag stumptown artisan hella. Small batch jean shorts banjo, lomo vinyl crucifix mustache. Meh deep v umami, semiotics knausgaard four loko you probably haven't heard of them migas fashion axe cray. Selvage food truck pork belly freegan, gentrify meggings intelligentsia hashtag occupy pabst health goth disrupt bicycle rights fixie knausgaard. Wolf actually pinterest narwhal blue bottle hella cold-pressed cornhole, tote bag letterpress tofu gentrify bitters authentic.\r\n\r\nKinfolk chartreuse chicharrones, craft beer crucifix kombucha tote bag try-hard. Kogi sriracha PBR&B typewriter, williamsburg normcore blog vice fap. Cardigan try-hard fanny pack, cray green juice irony +1 poutine chicharrones tilde drinking vinegar organic asymmetrical etsy. Four loko waistcoat listicle, hoodie chicharrones selfies wayfarers tilde vice actually salvia portland austin. Beard viral retro chia art party occupy wayfarers selvage, humblebrag chillwave crucifix. XOXO iPhone pug semiotics thundercats, drinking vinegar yuccie. Bicycle rights vegan skateboard VHS, green juice everyday carry etsy photo booth tacos truffaut umami meggings chicharrones gastropub schlitz.\r\n\r\nLocavore direct trade venmo kogi, lomo occupy hella tattooed heirloom sustainable thundercats wolf. Cornhole crucifix gochujang hoodie four loko swag. Scenester art party paleo, chia man braid cliche mustache wolf plaid vegan biodiesel offal +1. Disrupt beard yr austin. Intelligentsia forage chicharrones kitsch, fap try-hard craft beer dreamcatcher beard lomo gastropub. Bitters street art tumblr, retro locavore poutine yr roof party squid. Tattooed marfa lo-fi, next level tumblr microdosing cornhole slow-carb twee skateboard gochujang 90's PBR&B swag."}, "commit"=>"Update Post", "id"=>"1"}
  [1m[35mPost Load (0.1ms)[0m  SELECT  "posts".* FROM "posts" WHERE "posts"."id" = ? LIMIT 1  [["id", 1]]
  [1m[36m (0.1ms)[0m  [1mbegin transaction[0m
  [1m[35mSQL (0.3ms)[0m  UPDATE "posts" SET "title" = ?, "updated_at" = ? WHERE "posts"."id" = ?  [["title", "test post Updated"], ["updated_at", "2016-05-01 05:16:06.193715"], ["id", 1]]
  [1m[36m (301.2ms)[0m  [1mcommit transaction[0m
Redirected to http://localhost:3000/posts/1
Completed 302 Found in 307ms (ActiveRecord: 301.7ms)


Started GET "/posts/1" for ::1 at 2016-05-01 10:46:06 +0530
Processing by PostsController#show as HTML
  Parameters: {"id"=>"1"}
  [1m[35mPost Load (0.3ms)[0m  SELECT  "posts".* FROM "posts" WHERE "posts"."id" = ? LIMIT 1  [["id", 1]]
  Rendered posts/show.html.erb within layouts/application (0.5ms)
Completed 200 OK in 19ms (Views: 17.5ms | ActiveRecord: 0.3ms)


Started GET "/posts/1" for ::1 at 2016-05-01 10:49:32 +0530
Processing by PostsController#show as HTML
  Parameters: {"id"=>"1"}
  [1m[36mPost Load (0.2ms)[0m  [1mSELECT  "posts".* FROM "posts" WHERE "posts"."id" = ? LIMIT 1[0m  [["id", 1]]
  Rendered posts/show.html.erb within layouts/application (0.7ms)
Completed 200 OK in 20ms (Views: 13.5ms | ActiveRecord: 0.6ms)


Started GET "/assets/posts.self-e3b0c44298fc1c149afbf4c8996fb92427ae41e4649b934ca495991b7852b855.css?body=1" for ::1 at 2016-05-01 10:49:32 +0530


Started GET "/assets/jquery_ujs.self-e87806d0cf4489aeb1bb7288016024e8de67fd18db693fe026fe3907581e53cd.js?body=1" for ::1 at 2016-05-01 10:49:32 +0530


Started GET "/assets/application.self-e80e8f2318043e8af94dddc2adad5a4f09739a8ebb323b3ab31cd71d45fd9113.css?body=1" for ::1 at 2016-05-01 10:49:32 +0530


Started GET "/assets/jquery.self-660adc51e0224b731d29f575a6f1ec167ba08ad06ed5deca4f1e8654c135bf4c.js?body=1" for ::1 at 2016-05-01 10:49:32 +0530


Started GET "/assets/turbolinks.self-c37727e9bd6b2735da5c311aa83fead54ed0be6cc8bd9a65309e9c5abe2cbfff.js?body=1" for ::1 at 2016-05-01 10:49:32 +0530


Started GET "/assets/posts.self-877aef30ae1b040ab8a3aba4e3e309a11d7f2612f44dde450b5c157aa5f95c05.js?body=1" for ::1 at 2016-05-01 10:49:32 +0530


Started GET "/assets/application.self-3b8dabdc891efe46b9a144b400ad69e37d7e5876bdc39dee783419a69d7ca819.js?body=1" for ::1 at 2016-05-01 10:49:32 +0530
  [1m[36m (0.1ms)[0m  [1mSELECT COUNT(*) FROM "posts"[0m


Started DELETE "/posts/1" for ::1 at 2016-05-01 10:50:25 +0530
Processing by PostsController#destroy as HTML
  Parameters: {"authenticity_token"=>"JyDO6XG/QlqRPogBkcexEaQqEM0vDub1DFf9uhwgpLS7aYNgjMdrEtvx57l0HtTzHhXNWLb9jBomY4xYVhRfxQ==", "id"=>"1"}
  [1m[35mPost Load (0.1ms)[0m  SELECT  "posts".* FROM "posts" WHERE "posts"."id" = ? LIMIT 1  [["id", 1]]
  [1m[36m (0.1ms)[0m  [1mbegin transaction[0m
  [1m[35mSQL (1.0ms)[0m  DELETE FROM "posts" WHERE "posts"."id" = ?  [["id", 1]]
  [1m[36m (294.7ms)[0m  [1mcommit transaction[0m
Redirected to http://localhost:3000/posts
Completed 302 Found in 299ms (ActiveRecord: 296.0ms)


Started GET "/posts" for ::1 at 2016-05-01 10:50:25 +0530
Processing by PostsController#index as HTML
  Rendered posts/index.html.erb within layouts/application (0.0ms)
Completed 200 OK in 13ms (Views: 12.1ms | ActiveRecord: 0.0ms)
  [1m[35m (0.3ms)[0m  SELECT COUNT(*) FROM "posts"


Started GET "/posts" for ::1 at 2016-05-01 11:01:32 +0530
Processing by PostsController#index as HTML
  Rendered posts/index.html.erb within layouts/application (0.0ms)
Completed 200 OK in 114ms (Views: 114.1ms | ActiveRecord: 0.0ms)


Started GET "/assets/application.self-91be30e5bb987ee02feb5b5c62ed059f894d0b340eb30c5f517bc9a64bf98d54.css?body=1" for ::1 at 2016-05-01 11:01:32 +0530


Started GET "/posts" for ::1 at 2016-05-01 11:03:04 +0530
Processing by PostsController#index as HTML
  Rendered posts/index.html.erb within layouts/application (0.0ms)
Completed 200 OK in 12ms (Views: 11.6ms | ActiveRecord: 0.0ms)


Started GET "/assets/posts.self-e3b0c44298fc1c149afbf4c8996fb92427ae41e4649b934ca495991b7852b855.css?body=1" for ::1 at 2016-05-01 11:03:04 +0530


Started GET "/assets/jquery.self-660adc51e0224b731d29f575a6f1ec167ba08ad06ed5deca4f1e8654c135bf4c.js?body=1" for ::1 at 2016-05-01 11:03:04 +0530


Started GET "/assets/application.self-91be30e5bb987ee02feb5b5c62ed059f894d0b340eb30c5f517bc9a64bf98d54.css?body=1" for ::1 at 2016-05-01 11:03:04 +0530


Started GET "/assets/posts.self-877aef30ae1b040ab8a3aba4e3e309a11d7f2612f44dde450b5c157aa5f95c05.js?body=1" for ::1 at 2016-05-01 11:03:04 +0530


Started GET "/assets/jquery_ujs.self-e87806d0cf4489aeb1bb7288016024e8de67fd18db693fe026fe3907581e53cd.js?body=1" for ::1 at 2016-05-01 11:03:04 +0530


Started GET "/assets/turbolinks.self-c37727e9bd6b2735da5c311aa83fead54ed0be6cc8bd9a65309e9c5abe2cbfff.js?body=1" for ::1 at 2016-05-01 11:03:04 +0530


Started GET "/assets/application.self-3b8dabdc891efe46b9a144b400ad69e37d7e5876bdc39dee783419a69d7ca819.js?body=1" for ::1 at 2016-05-01 11:03:04 +0530


Started GET "/posts" for ::1 at 2016-05-01 11:03:07 +0530
Processing by PostsController#index as HTML
  Rendered posts/index.html.erb within layouts/application (0.2ms)
Completed 200 OK in 14ms (Views: 13.3ms | ActiveRecord: 0.0ms)


Started GET "/posts" for ::1 at 2016-05-01 11:03:11 +0530
Processing by PostsController#index as HTML
  Rendered posts/index.html.erb within layouts/application (0.0ms)
Completed 200 OK in 15ms (Views: 13.8ms | ActiveRecord: 0.0ms)


Started GET "/posts" for ::1 at 2016-05-01 11:03:11 +0530
Processing by PostsController#index as HTML
  Rendered posts/index.html.erb within layouts/application (0.0ms)
Completed 200 OK in 12ms (Views: 11.5ms | ActiveRecord: 0.0ms)


Started GET "/posts" for ::1 at 2016-05-01 11:03:11 +0530
Processing by PostsController#index as HTML
  Rendered posts/index.html.erb within layouts/application (0.0ms)
Completed 200 OK in 13ms (Views: 12.9ms | ActiveRecord: 0.0ms)


Started GET "/posts" for ::1 at 2016-05-01 11:03:11 +0530
Processing by PostsController#index as HTML
  Rendered posts/index.html.erb within layouts/application (0.0ms)
Completed 200 OK in 13ms (Views: 12.4ms | ActiveRecord: 0.0ms)


Started GET "/posts" for ::1 at 2016-05-01 11:03:12 +0530
Processing by PostsController#index as HTML
  Rendered posts/index.html.erb within layouts/application (0.0ms)
Completed 200 OK in 12ms (Views: 12.0ms | ActiveRecord: 0.0ms)


Started GET "/posts" for ::1 at 2016-05-01 11:03:12 +0530
Processing by PostsController#index as HTML
  Rendered posts/index.html.erb within layouts/application (0.0ms)
Completed 200 OK in 13ms (Views: 12.8ms | ActiveRecord: 0.0ms)


Started GET "/" for ::1 at 2016-05-01 11:03:15 +0530
Processing by Rails::WelcomeController#index as HTML
  Rendered /Users/yatheesha/.rbenv/versions/2.3.0/lib/ruby/gems/2.3.0/gems/railties-4.2.6/lib/rails/templates/rails/welcome/index.html.erb (0.1ms)
Completed 200 OK in 3ms (Views: 3.1ms | ActiveRecord: 0.0ms)


Started GET "/posts" for ::1 at 2016-05-01 11:06:04 +0530
Processing by PostsController#index as HTML
  Rendered posts/index.html.erb within layouts/application (0.0ms)
DEPRECATION WARNING: Extra .css in SCSS file is unnecessary. Rename /Volumes/Yatheesha/personal-blog/app/assets/stylesheets/_normalize.css.scss to /Volumes/Yatheesha/personal-blog/app/assets/stylesheets/_normalize.scss. (called from _app_views_layouts_application_html_erb__3978000928572057154_70330730686560 at /Volumes/Yatheesha/personal-blog/app/views/layouts/application.html.erb:8)
DEPRECATION WARNING: Extra .css in SCSS file is unnecessary. Rename /Volumes/Yatheesha/personal-blog/app/assets/stylesheets/_normalize.css.scss to /Volumes/Yatheesha/personal-blog/app/assets/stylesheets/_normalize.scss. (called from _app_views_layouts_application_html_erb__3978000928572057154_70330730686560 at /Volumes/Yatheesha/personal-blog/app/views/layouts/application.html.erb:8)
Completed 200 OK in 521ms (Views: 520.5ms | ActiveRecord: 0.0ms)


Started GET "/assets/_normalize.self-97e64aaaa10283463fb117af1319e9d4fab3a37b536abe9aa1099eb0cacbb630.css?body=1" for ::1 at 2016-05-01 11:06:04 +0530


Started GET "/assets/jquery_ujs.self-e87806d0cf4489aeb1bb7288016024e8de67fd18db693fe026fe3907581e53cd.js?body=1" for ::1 at 2016-05-01 11:06:04 +0530


Started GET "/assets/posts.self-e3b0c44298fc1c149afbf4c8996fb92427ae41e4649b934ca495991b7852b855.css?body=1" for ::1 at 2016-05-01 11:06:04 +0530


Started GET "/assets/jquery.self-660adc51e0224b731d29f575a6f1ec167ba08ad06ed5deca4f1e8654c135bf4c.js?body=1" for ::1 at 2016-05-01 11:06:04 +0530


Started GET "/assets/application.self-e813a2f25e78a485c179c027f71fc9e5628b9cbbb6f8489a455eba76bac616af.css?body=1" for ::1 at 2016-05-01 11:06:04 +0530


Started GET "/assets/turbolinks.self-c37727e9bd6b2735da5c311aa83fead54ed0be6cc8bd9a65309e9c5abe2cbfff.js?body=1" for ::1 at 2016-05-01 11:06:04 +0530


Started GET "/assets/posts.self-877aef30ae1b040ab8a3aba4e3e309a11d7f2612f44dde450b5c157aa5f95c05.js?body=1" for ::1 at 2016-05-01 11:06:04 +0530


Started GET "/assets/application.self-3b8dabdc891efe46b9a144b400ad69e37d7e5876bdc39dee783419a69d7ca819.js?body=1" for ::1 at 2016-05-01 11:06:04 +0530


Started GET "/posts" for ::1 at 2016-05-01 11:08:44 +0530
Processing by PostsController#index as HTML
  Rendered posts/index.html.erb within layouts/application (0.0ms)
DEPRECATION WARNING: Extra .css in SCSS file is unnecessary. Rename /Volumes/Yatheesha/personal-blog/app/assets/stylesheets/_normalize.css.scss to /Volumes/Yatheesha/personal-blog/app/assets/stylesheets/_normalize.scss. (called from _app_views_layouts_application_html_erb__3978000928572057154_70330730686560 at /Volumes/Yatheesha/personal-blog/app/views/layouts/application.html.erb:8)
DEPRECATION WARNING: Extra .css in SCSS file is unnecessary. Rename /Volumes/Yatheesha/personal-blog/app/assets/stylesheets/_welcome.css.scss to /Volumes/Yatheesha/personal-blog/app/assets/stylesheets/_welcome.scss. (called from _app_views_layouts_application_html_erb__3978000928572057154_70330730686560 at /Volumes/Yatheesha/personal-blog/app/views/layouts/application.html.erb:8)
DEPRECATION WARNING: Extra .css in SCSS file is unnecessary. Rename /Volumes/Yatheesha/personal-blog/app/assets/stylesheets/_posts_projects.css.scss to /Volumes/Yatheesha/personal-blog/app/assets/stylesheets/_posts_projects.scss. (called from _app_views_layouts_application_html_erb__3978000928572057154_70330730686560 at /Volumes/Yatheesha/personal-blog/app/views/layouts/application.html.erb:8)
DEPRECATION WARNING: Extra .css in SCSS file is unnecessary. Rename /Volumes/Yatheesha/personal-blog/app/assets/stylesheets/_normalize.css.scss to /Volumes/Yatheesha/personal-blog/app/assets/stylesheets/_normalize.scss. (called from _app_views_layouts_application_html_erb__3978000928572057154_70330730686560 at /Volumes/Yatheesha/personal-blog/app/views/layouts/application.html.erb:8)
DEPRECATION WARNING: Extra .css in SCSS file is unnecessary. Rename /Volumes/Yatheesha/personal-blog/app/assets/stylesheets/_welcome.css.scss to /Volumes/Yatheesha/personal-blog/app/assets/stylesheets/_welcome.scss. (called from _app_views_layouts_application_html_erb__3978000928572057154_70330730686560 at /Volumes/Yatheesha/personal-blog/app/views/layouts/application.html.erb:8)
DEPRECATION WARNING: Extra .css in SCSS file is unnecessary. Rename /Volumes/Yatheesha/personal-blog/app/assets/stylesheets/_posts_projects.css.scss to /Volumes/Yatheesha/personal-blog/app/assets/stylesheets/_posts_projects.scss. (called from _app_views_layouts_application_html_erb__3978000928572057154_70330730686560 at /Volumes/Yatheesha/personal-blog/app/views/layouts/application.html.erb:8)
Completed 500 Internal Server Error in 139ms (ActiveRecord: 0.0ms)

ActionView::Template::Error (Undefined variable: "$dark".):
     5: 	<title>Yatheesha - iOS/Mac - Learning Swift, Rails</title>
     6: 	<link href='https://fonts.googleapis.com/css?family=Raleway:400,700' rel='stylesheet' type='text/css'>
     7: 	<link rel="stylesheet" href="https://maxcdn.bootstrapcdn.com/font-awesome/4.6.1/css/font-awesome.min.css">
     8:   <%= stylesheet_link_tag    'application', media: 'all', 'data-turbolinks-track' => true %>
     9:   <%= javascript_include_tag 'application', 'data-turbolinks-track' => true %>
    10:   <%= csrf_meta_tags %>
    11: </head>
  app/assets/stylesheets/_posts_projects.css.scss:15
  app/views/layouts/application.html.erb:8:in `_app_views_layouts_application_html_erb__3978000928572057154_70330730686560'


  Rendered /Users/yatheesha/.rbenv/versions/2.3.0/lib/ruby/gems/2.3.0/gems/actionpack-4.2.6/lib/action_dispatch/middleware/templates/rescues/_source.erb (13.5ms)
  Rendered /Users/yatheesha/.rbenv/versions/2.3.0/lib/ruby/gems/2.3.0/gems/actionpack-4.2.6/lib/action_dispatch/middleware/templates/rescues/_trace.html.erb (3.7ms)
  Rendered /Users/yatheesha/.rbenv/versions/2.3.0/lib/ruby/gems/2.3.0/gems/actionpack-4.2.6/lib/action_dispatch/middleware/templates/rescues/_request_and_response.html.erb (0.8ms)
  Rendered /Users/yatheesha/.rbenv/versions/2.3.0/lib/ruby/gems/2.3.0/gems/actionpack-4.2.6/lib/action_dispatch/middleware/templates/rescues/template_error.html.erb within rescues/layout (75.3ms)
  Rendered /Users/yatheesha/.rbenv/versions/2.3.0/lib/ruby/gems/2.3.0/gems/web-console-2.3.0/lib/web_console/templates/_markup.html.erb (0.4ms)
  Rendered /Users/yatheesha/.rbenv/versions/2.3.0/lib/ruby/gems/2.3.0/gems/web-console-2.3.0/lib/web_console/templates/_inner_console_markup.html.erb within layouts/inlined_string (0.3ms)
  Rendered /Users/yatheesha/.rbenv/versions/2.3.0/lib/ruby/gems/2.3.0/gems/web-console-2.3.0/lib/web_console/templates/_prompt_box_markup.html.erb within layouts/inlined_string (0.3ms)
  Rendered /Users/yatheesha/.rbenv/versions/2.3.0/lib/ruby/gems/2.3.0/gems/web-console-2.3.0/lib/web_console/templates/style.css.erb within layouts/inlined_string (0.4ms)
  Rendered /Users/yatheesha/.rbenv/versions/2.3.0/lib/ruby/gems/2.3.0/gems/web-console-2.3.0/lib/web_console/templates/console.js.erb within layouts/javascript (58.0ms)
  Rendered /Users/yatheesha/.rbenv/versions/2.3.0/lib/ruby/gems/2.3.0/gems/web-console-2.3.0/lib/web_console/templates/main.js.erb within layouts/javascript (0.3ms)
  Rendered /Users/yatheesha/.rbenv/versions/2.3.0/lib/ruby/gems/2.3.0/gems/web-console-2.3.0/lib/web_console/templates/error_page.js.erb within layouts/javascript (0.6ms)
  Rendered /Users/yatheesha/.rbenv/versions/2.3.0/lib/ruby/gems/2.3.0/gems/web-console-2.3.0/lib/web_console/templates/index.html.erb (136.7ms)


Started GET "/posts" for ::1 at 2016-05-01 11:10:15 +0530
Processing by PostsController#index as HTML
  Rendered posts/index.html.erb within layouts/application (0.0ms)
DEPRECATION WARNING: Extra .css in SCSS file is unnecessary. Rename /Volumes/Yatheesha/personal-blog/app/assets/stylesheets/_normalize.css.scss to /Volumes/Yatheesha/personal-blog/app/assets/stylesheets/_normalize.scss. (called from _app_views_layouts_application_html_erb__3978000928572057154_70330730686560 at /Volumes/Yatheesha/personal-blog/app/views/layouts/application.html.erb:8)
DEPRECATION WARNING: Extra .css in SCSS file is unnecessary. Rename /Volumes/Yatheesha/personal-blog/app/assets/stylesheets/_welcome.css.scss to /Volumes/Yatheesha/personal-blog/app/assets/stylesheets/_welcome.scss. (called from _app_views_layouts_application_html_erb__3978000928572057154_70330730686560 at /Volumes/Yatheesha/personal-blog/app/views/layouts/application.html.erb:8)
DEPRECATION WARNING: Extra .css in SCSS file is unnecessary. Rename /Volumes/Yatheesha/personal-blog/app/assets/stylesheets/_posts_projects.css.scss to /Volumes/Yatheesha/personal-blog/app/assets/stylesheets/_posts_projects.scss. (called from _app_views_layouts_application_html_erb__3978000928572057154_70330730686560 at /Volumes/Yatheesha/personal-blog/app/views/layouts/application.html.erb:8)
DEPRECATION WARNING: Extra .css in SCSS file is unnecessary. Rename /Volumes/Yatheesha/personal-blog/app/assets/stylesheets/_normalize.css.scss to /Volumes/Yatheesha/personal-blog/app/assets/stylesheets/_normalize.scss. (called from _app_views_layouts_application_html_erb__3978000928572057154_70330730686560 at /Volumes/Yatheesha/personal-blog/app/views/layouts/application.html.erb:8)
DEPRECATION WARNING: Extra .css in SCSS file is unnecessary. Rename /Volumes/Yatheesha/personal-blog/app/assets/stylesheets/_welcome.css.scss to /Volumes/Yatheesha/personal-blog/app/assets/stylesheets/_welcome.scss. (called from _app_views_layouts_application_html_erb__3978000928572057154_70330730686560 at /Volumes/Yatheesha/personal-blog/app/views/layouts/application.html.erb:8)
DEPRECATION WARNING: Extra .css in SCSS file is unnecessary. Rename /Volumes/Yatheesha/personal-blog/app/assets/stylesheets/_posts_projects.css.scss to /Volumes/Yatheesha/personal-blog/app/assets/stylesheets/_posts_projects.scss. (called from _app_views_layouts_application_html_erb__3978000928572057154_70330730686560 at /Volumes/Yatheesha/personal-blog/app/views/layouts/application.html.erb:8)
Completed 200 OK in 144ms (Views: 143.9ms | ActiveRecord: 0.0ms)


Started GET "/assets/application.self-519a41ce0f1e3a8ef88035c06a425809910f5d2dbb6c38f763ea60a0e181c3f0.css?body=1" for ::1 at 2016-05-01 11:10:16 +0530


Started GET "/assets/turbolinks.self-c37727e9bd6b2735da5c311aa83fead54ed0be6cc8bd9a65309e9c5abe2cbfff.js?body=1" for ::1 at 2016-05-01 11:10:16 +0530


Started GET "/assets/jquery_ujs.self-e87806d0cf4489aeb1bb7288016024e8de67fd18db693fe026fe3907581e53cd.js?body=1" for ::1 at 2016-05-01 11:10:16 +0530


Started GET "/assets/posts.self-877aef30ae1b040ab8a3aba4e3e309a11d7f2612f44dde450b5c157aa5f95c05.js?body=1" for ::1 at 2016-05-01 11:10:16 +0530


Started GET "/assets/jquery.self-660adc51e0224b731d29f575a6f1ec167ba08ad06ed5deca4f1e8654c135bf4c.js?body=1" for ::1 at 2016-05-01 11:10:16 +0530


Started GET "/assets/application.self-3b8dabdc891efe46b9a144b400ad69e37d7e5876bdc39dee783419a69d7ca819.js?body=1" for ::1 at 2016-05-01 11:10:16 +0530


Started GET "/posts" for ::1 at 2016-05-01 11:10:23 +0530
Processing by PostsController#index as HTML
  Rendered posts/index.html.erb within layouts/application (0.1ms)
Completed 200 OK in 14ms (Views: 13.2ms | ActiveRecord: 0.0ms)


Started GET "/contact.html" for ::1 at 2016-05-01 11:10:29 +0530

ActionController::RoutingError (No route matches [GET] "/contact.html"):
  actionpack (4.2.6) lib/action_dispatch/middleware/debug_exceptions.rb:21:in `call'
  web-console (2.3.0) lib/web_console/middleware.rb:28:in `block in call'
  web-console (2.3.0) lib/web_console/middleware.rb:18:in `catch'
  web-console (2.3.0) lib/web_console/middleware.rb:18:in `call'
  actionpack (4.2.6) lib/action_dispatch/middleware/show_exceptions.rb:30:in `call'
  railties (4.2.6) lib/rails/rack/logger.rb:38:in `call_app'
  railties (4.2.6) lib/rails/rack/logger.rb:20:in `block in call'
  activesupport (4.2.6) lib/active_support/tagged_logging.rb:68:in `block in tagged'
  activesupport (4.2.6) lib/active_support/tagged_logging.rb:26:in `tagged'
  activesupport (4.2.6) lib/active_support/tagged_logging.rb:68:in `tagged'
  railties (4.2.6) lib/rails/rack/logger.rb:20:in `call'
  actionpack (4.2.6) lib/action_dispatch/middleware/request_id.rb:21:in `call'
  rack (1.6.4) lib/rack/methodoverride.rb:22:in `call'
  rack (1.6.4) lib/rack/runtime.rb:18:in `call'
  activesupport (4.2.6) lib/active_support/cache/strategy/local_cache_middleware.rb:28:in `call'
  rack (1.6.4) lib/rack/lock.rb:17:in `call'
  actionpack (4.2.6) lib/action_dispatch/middleware/static.rb:120:in `call'
  rack (1.6.4) lib/rack/sendfile.rb:113:in `call'
  railties (4.2.6) lib/rails/engine.rb:518:in `call'
  railties (4.2.6) lib/rails/application.rb:165:in `call'
  rack (1.6.4) lib/rack/lock.rb:17:in `call'
  rack (1.6.4) lib/rack/content_length.rb:15:in `call'
  rack (1.6.4) lib/rack/handler/webrick.rb:88:in `service'
  /Users/yatheesha/.rbenv/versions/2.3.0/lib/ruby/2.3.0/webrick/httpserver.rb:140:in `service'
  /Users/yatheesha/.rbenv/versions/2.3.0/lib/ruby/2.3.0/webrick/httpserver.rb:96:in `run'
  /Users/yatheesha/.rbenv/versions/2.3.0/lib/ruby/2.3.0/webrick/server.rb:296:in `block in start_thread'


  Rendered /Users/yatheesha/.rbenv/versions/2.3.0/lib/ruby/gems/2.3.0/gems/actionpack-4.2.6/lib/action_dispatch/middleware/templates/rescues/_trace.html.erb (1.1ms)
  Rendered /Users/yatheesha/.rbenv/versions/2.3.0/lib/ruby/gems/2.3.0/gems/actionpack-4.2.6/lib/action_dispatch/middleware/templates/routes/_route.html.erb (0.9ms)
  Rendered /Users/yatheesha/.rbenv/versions/2.3.0/lib/ruby/gems/2.3.0/gems/actionpack-4.2.6/lib/action_dispatch/middleware/templates/routes/_table.html.erb (2.9ms)
  Rendered /Users/yatheesha/.rbenv/versions/2.3.0/lib/ruby/gems/2.3.0/gems/actionpack-4.2.6/lib/action_dispatch/middleware/templates/rescues/_request_and_response.html.erb (1.1ms)
  Rendered /Users/yatheesha/.rbenv/versions/2.3.0/lib/ruby/gems/2.3.0/gems/actionpack-4.2.6/lib/action_dispatch/middleware/templates/rescues/routing_error.html.erb within rescues/layout (79.5ms)
  Rendered /Users/yatheesha/.rbenv/versions/2.3.0/lib/ruby/gems/2.3.0/gems/web-console-2.3.0/lib/web_console/templates/_markup.html.erb (0.5ms)
  Rendered /Users/yatheesha/.rbenv/versions/2.3.0/lib/ruby/gems/2.3.0/gems/web-console-2.3.0/lib/web_console/templates/_inner_console_markup.html.erb within layouts/inlined_string (0.3ms)
  Rendered /Users/yatheesha/.rbenv/versions/2.3.0/lib/ruby/gems/2.3.0/gems/web-console-2.3.0/lib/web_console/templates/_prompt_box_markup.html.erb within layouts/inlined_string (0.3ms)
  Rendered /Users/yatheesha/.rbenv/versions/2.3.0/lib/ruby/gems/2.3.0/gems/web-console-2.3.0/lib/web_console/templates/style.css.erb within layouts/inlined_string (0.3ms)
  Rendered /Users/yatheesha/.rbenv/versions/2.3.0/lib/ruby/gems/2.3.0/gems/web-console-2.3.0/lib/web_console/templates/console.js.erb within layouts/javascript (78.9ms)
  Rendered /Users/yatheesha/.rbenv/versions/2.3.0/lib/ruby/gems/2.3.0/gems/web-console-2.3.0/lib/web_console/templates/main.js.erb within layouts/javascript (0.3ms)
  Rendered /Users/yatheesha/.rbenv/versions/2.3.0/lib/ruby/gems/2.3.0/gems/web-console-2.3.0/lib/web_console/templates/error_page.js.erb within layouts/javascript (0.4ms)
  Rendered /Users/yatheesha/.rbenv/versions/2.3.0/lib/ruby/gems/2.3.0/gems/web-console-2.3.0/lib/web_console/templates/index.html.erb (140.5ms)


Started GET "/contact.html" for ::1 at 2016-05-01 11:10:29 +0530

ActionController::RoutingError (No route matches [GET] "/contact.html"):
  actionpack (4.2.6) lib/action_dispatch/middleware/debug_exceptions.rb:21:in `call'
  web-console (2.3.0) lib/web_console/middleware.rb:28:in `block in call'
  web-console (2.3.0) lib/web_console/middleware.rb:18:in `catch'
  web-console (2.3.0) lib/web_console/middleware.rb:18:in `call'
  actionpack (4.2.6) lib/action_dispatch/middleware/show_exceptions.rb:30:in `call'
  railties (4.2.6) lib/rails/rack/logger.rb:38:in `call_app'
  railties (4.2.6) lib/rails/rack/logger.rb:20:in `block in call'
  activesupport (4.2.6) lib/active_support/tagged_logging.rb:68:in `block in tagged'
  activesupport (4.2.6) lib/active_support/tagged_logging.rb:26:in `tagged'
  activesupport (4.2.6) lib/active_support/tagged_logging.rb:68:in `tagged'
  railties (4.2.6) lib/rails/rack/logger.rb:20:in `call'
  actionpack (4.2.6) lib/action_dispatch/middleware/request_id.rb:21:in `call'
  rack (1.6.4) lib/rack/methodoverride.rb:22:in `call'
  rack (1.6.4) lib/rack/runtime.rb:18:in `call'
  activesupport (4.2.6) lib/active_support/cache/strategy/local_cache_middleware.rb:28:in `call'
  rack (1.6.4) lib/rack/lock.rb:17:in `call'
  actionpack (4.2.6) lib/action_dispatch/middleware/static.rb:120:in `call'
  rack (1.6.4) lib/rack/sendfile.rb:113:in `call'
  railties (4.2.6) lib/rails/engine.rb:518:in `call'
  railties (4.2.6) lib/rails/application.rb:165:in `call'
  rack (1.6.4) lib/rack/lock.rb:17:in `call'
  rack (1.6.4) lib/rack/content_length.rb:15:in `call'
  rack (1.6.4) lib/rack/handler/webrick.rb:88:in `service'
  /Users/yatheesha/.rbenv/versions/2.3.0/lib/ruby/2.3.0/webrick/httpserver.rb:140:in `service'
  /Users/yatheesha/.rbenv/versions/2.3.0/lib/ruby/2.3.0/webrick/httpserver.rb:96:in `run'
  /Users/yatheesha/.rbenv/versions/2.3.0/lib/ruby/2.3.0/webrick/server.rb:296:in `block in start_thread'


  Rendered /Users/yatheesha/.rbenv/versions/2.3.0/lib/ruby/gems/2.3.0/gems/actionpack-4.2.6/lib/action_dispatch/middleware/templates/rescues/_trace.html.erb (1.4ms)
  Rendered /Users/yatheesha/.rbenv/versions/2.3.0/lib/ruby/gems/2.3.0/gems/actionpack-4.2.6/lib/action_dispatch/middleware/templates/routes/_route.html.erb (1.0ms)
  Rendered /Users/yatheesha/.rbenv/versions/2.3.0/lib/ruby/gems/2.3.0/gems/actionpack-4.2.6/lib/action_dispatch/middleware/templates/routes/_table.html.erb (1.2ms)
  Rendered /Users/yatheesha/.rbenv/versions/2.3.0/lib/ruby/gems/2.3.0/gems/actionpack-4.2.6/lib/action_dispatch/middleware/templates/rescues/_request_and_response.html.erb (1.3ms)
  Rendered /Users/yatheesha/.rbenv/versions/2.3.0/lib/ruby/gems/2.3.0/gems/actionpack-4.2.6/lib/action_dispatch/middleware/templates/rescues/routing_error.html.erb within rescues/layout (80.9ms)
  Rendered /Users/yatheesha/.rbenv/versions/2.3.0/lib/ruby/gems/2.3.0/gems/web-console-2.3.0/lib/web_console/templates/_markup.html.erb (0.3ms)
  Rendered /Users/yatheesha/.rbenv/versions/2.3.0/lib/ruby/gems/2.3.0/gems/web-console-2.3.0/lib/web_console/templates/_inner_console_markup.html.erb within layouts/inlined_string (0.3ms)
  Rendered /Users/yatheesha/.rbenv/versions/2.3.0/lib/ruby/gems/2.3.0/gems/web-console-2.3.0/lib/web_console/templates/_prompt_box_markup.html.erb within layouts/inlined_string (0.3ms)
  Rendered /Users/yatheesha/.rbenv/versions/2.3.0/lib/ruby/gems/2.3.0/gems/web-console-2.3.0/lib/web_console/templates/style.css.erb within layouts/inlined_string (0.3ms)
  Rendered /Users/yatheesha/.rbenv/versions/2.3.0/lib/ruby/gems/2.3.0/gems/web-console-2.3.0/lib/web_console/templates/console.js.erb within layouts/javascript (86.1ms)
  Rendered /Users/yatheesha/.rbenv/versions/2.3.0/lib/ruby/gems/2.3.0/gems/web-console-2.3.0/lib/web_console/templates/main.js.erb within layouts/javascript (0.3ms)
  Rendered /Users/yatheesha/.rbenv/versions/2.3.0/lib/ruby/gems/2.3.0/gems/web-console-2.3.0/lib/web_console/templates/error_page.js.erb within layouts/javascript (0.4ms)
  Rendered /Users/yatheesha/.rbenv/versions/2.3.0/lib/ruby/gems/2.3.0/gems/web-console-2.3.0/lib/web_console/templates/index.html.erb (154.3ms)
